#
# A fatal error has been detected by the Java Runtime Environment:
#
#  SIGSEGV (0xb) at pc=0x000000012642fa6b, pid=84560, tid=0x0000000000000e03
#
# JRE version: Java(TM) SE Runtime Environment (8.0_181-b13) (build 1.8.0_181-b13)
# Java VM: Java HotSpot(TM) 64-Bit Server VM (25.181-b13 mixed mode bsd-amd64 compressed oops)
# Problematic frame:
# C  [libtesseract.4.dylib+0x17a6b]  tesseract::Tesseract::recog_all_words(PAGE_RES*, ETEXT_DESC*, TBOX const*, char const*, int)+0xaf
#
# Failed to write core dump. Core dumps have been disabled. To enable core dumping, try "ulimit -c unlimited" before starting Java again
#
# If you would like to submit a bug report, please visit:
#   http://bugreport.java.com/bugreport/crash.jsp
# The crash happened outside the Java Virtual Machine in native code.
# See problematic frame for where to report the bug.
#

---------------  T H R E A D  ---------------

Current thread (0x00007f7fd1007000):  JavaThread "main" [_thread_in_native, id=3587, stack(0x000070000d15f000,0x000070000d25f000)]

siginfo: si_signo: 11 (SIGSEGV), si_code: 1 (SEGV_MAPERR), si_addr: 0x000000000000000c

Registers:
RAX=0x0000000000000000, RBX=0x00007f7fd04cbfd0, RCX=0x0000000000000000, RDX=0x00007f7fd04d5180
RSP=0x000070000d259b00, RBP=0x000070000d259cc0, RSI=0x0000000000000000, RDI=0x000070000d259bb8
R8 =0x0000000000000000, R9 =0x0000000000000000, R10=0x00000000ffffff83, R11=0x0000000000101440
R12=0x0000000000000000, R13=0x00000001245ae000, R14=0x0000000000000000, R15=0x0000000000000000
RIP=0x000000012642fa6b, EFLAGS=0x0000000000010246, ERR=0x0000000000000004
  TRAPNO=0x000000000000000e

Top of Stack: (sp=0x000070000d259b00)
0x000070000d259b00:   00007f7fd04cb5e0 00007f7fd04cbfd0
0x000070000d259b10:   0000000000000000 0000000000000000
0x000070000d259b20:   0000000000000000 00007f7fd04c9990
0x000070000d259b30:   00007f7fd04cbe10 00007f7fd04cc030
0x000070000d259b40:   00007f7fd04d6d70 00007f7fd04d5180
0x000070000d259b50:   00007f7fd04cc030 00007f7fd04cbfd8
0x000070000d259b60:   00007f7fd04cc030 00007f7fd04cc030
0x000070000d259b70:   00007f7fd04cc030 00007f7fd04cc030
0x000070000d259b80:   00007f7fd0000000 00007f7fd04cc058
0x000070000d259b90:   00007f7fd04cbe10 00007f7fd04d5180
0x000070000d259ba0:   00007f7fd04dec30 00007f7fd04cbe10
0x000070000d259bb0:   000070000d010000 00007f7fd04d51a0
0x000070000d259bc0:   00007f7fd04d6d70 00007f7fd04d51b0
0x000070000d259bd0:   00007f7fd04d71f0 00007f7fd04d6d70
0x000070000d259be0:   000070000d010000 00007f7fd04cbe30
0x000070000d259bf0:   00007f7fd04d3bb0 00007f7fd04c9990
0x000070000d259c00:   00007f7fd04c92f0 00007f7fd04c9990
0x000070000d259c10:   0000000000000000 00007f7fd04d51a0
0x000070000d259c20:   00007f7fd04dde50 00007f7fd04d6d70
0x000070000d259c30:   00007f7fd04d51b0 00007f7fd04d6d70
0x000070000d259c40:   000070000d000000 000000012641a9a5
0x000070000d259c50:   00007f7fd21ba010 00000001265c9754
0x000070000d259c60:   00000001245ae150 00007f7fd7355e40
0x000070000d259c70:   00007f7fd7355e40 00000001245ae000
0x000070000d259c80:   0000000000000000 0000000000000000
0x000070000d259c90:   00007f7fd04cbfd0 000070000d259d01
0x000070000d259ca0:   00007f7fd7355e40 00000001245ae000
0x000070000d259cb0:   00000000ffffffff 0000000000000000
0x000070000d259cc0:   000070000d259d30 000000012641c647
0x000070000d259cd0:   000070000d259d50 0000000114176040
0x000070000d259ce0:   000070000d259d50 0000000114176040
0x000070000d259cf0:   0000000000000016 0000000000000000 

Instructions: (pc=0x000000012642fa6b)
0x000000012642fa4b:   e8 40 fa 11 00 41 83 bd 08 14 00 00 00 7e 0a 4c
0x000000012642fa5b:   89 ef e8 e6 97 0b 00 eb 15 49 8b 85 b0 09 00 00
0x000000012642fa6b:   80 78 0c 00 74 08 4c 89 ef e8 43 98 0b 00 41 83
0x000000012642fa7b:   bd d8 44 02 00 00 7e 3e 31 db 49 8b 85 e0 44 02 

Register to memory mapping:

RAX=0x0000000000000000 is an unknown value
RBX=0x00007f7fd04cbfd0 is an unknown value
RCX=0x0000000000000000 is an unknown value
RDX=0x00007f7fd04d5180 is an unknown value
RSP=0x000070000d259b00 is pointing into the stack for thread: 0x00007f7fd1007000
RBP=0x000070000d259cc0 is pointing into the stack for thread: 0x00007f7fd1007000
RSI=0x0000000000000000 is an unknown value
RDI=0x000070000d259bb8 is pointing into the stack for thread: 0x00007f7fd1007000
R8 =0x0000000000000000 is an unknown value
R9 =0x0000000000000000 is an unknown value
R10=0x00000000ffffff83 is an unknown value
R11=0x0000000000101440 is an unknown value
R12=0x0000000000000000 is an unknown value
R13=0x00000001245ae000 is an unknown value
R14=0x0000000000000000 is an unknown value
R15=0x0000000000000000 is an unknown value


Stack: [0x000070000d15f000,0x000070000d25f000],  sp=0x000070000d259b00,  free space=1002k
Native frames: (J=compiled Java code, j=interpreted, Vv=VM code, C=native code)
C  [libtesseract.4.dylib+0x17a6b]  tesseract::Tesseract::recog_all_words(PAGE_RES*, ETEXT_DESC*, TBOX const*, char const*, int)+0xaf
C  [libtesseract.4.dylib+0x4647]  tesseract::TessBaseAPI::Recognize(ETEXT_DESC*)+0x379
C  [libtesseract.4.dylib+0x35e5]  tesseract::TessBaseAPI::GetUTF8Text()+0x2b
C  [jna3719581106391231894.tmp+0xd94c]  ffi_call_unix64+0x4c
C  0x000070000d25a7f0

Java frames: (J=compiled Java code, j=interpreted, Vv=VM code)
j  com.sun.jna.Native.invokePointer(JI[Ljava/lang/Object;)J+0
j  com.sun.jna.Function.invokePointer(I[Ljava/lang/Object;)Lcom/sun/jna/Pointer;+6
j  com.sun.jna.Function.invoke([Ljava/lang/Object;Ljava/lang/Class;Z)Ljava/lang/Object;+426
j  com.sun.jna.Function.invoke(Ljava/lang/Class;[Ljava/lang/Object;Ljava/util/Map;)Ljava/lang/Object;+262
j  com.sun.jna.Library$Handler.invoke(Ljava/lang/Object;Ljava/lang/reflect/Method;[Ljava/lang/Object;)Ljava/lang/Object;+316
j  com.sun.proxy.$Proxy12.TessBaseAPIGetUTF8Text(Lnet/sourceforge/tess4j/ITessAPI$TessBaseAPI;)Lcom/sun/jna/Pointer;+16
j  net.sourceforge.tess4j.Tesseract.getOCRText(Ljava/lang/String;I)Ljava/lang/String;+62
j  net.sourceforge.tess4j.Tesseract.doOCR(Ljava/util/List;Ljava/lang/String;Ljava/awt/Rectangle;)Ljava/lang/String;+69
j  net.sourceforge.tess4j.Tesseract.doOCR(Ljava/util/List;Ljava/awt/Rectangle;)Ljava/lang/String;+4
j  net.sourceforge.tess4j.Tesseract.doOCR(Ljava/awt/image/BufferedImage;Ljava/awt/Rectangle;)Ljava/lang/String;+6
j  net.sourceforge.tess4j.Tesseract.doOCR(Ljava/awt/image/BufferedImage;)Ljava/lang/String;+3
j  net.sourceforge.tess4j.ITesseract$doOCR$0.call(Ljava/lang/Object;[Ljava/lang/Object;)Ljava/lang/Object;+19
j  org.codehaus.groovy.runtime.callsite.CallSiteArray.defaultCall(Lorg/codehaus/groovy/runtime/callsite/CallSite;Ljava/lang/Object;[Ljava/lang/Object;)Ljava/lang/Object;+8
j  org.codehaus.groovy.runtime.callsite.AbstractCallSite.call(Ljava/lang/Object;[Ljava/lang/Object;)Ljava/lang/Object;+3
j  org.codehaus.groovy.runtime.callsite.AbstractCallSite.call(Ljava/lang/Object;Ljava/lang/Object;)Ljava/lang/Object;+33
j  testOCR_UnclearImage.OCR_Unclear_Image.processImg(Ljava/awt/image/BufferedImage;FF)V+258
j  testOCR_UnclearImage.OCR_Unclear_Image$processImg.callStatic(Ljava/lang/Class;[Ljava/lang/Object;)Ljava/lang/Object;+27
j  org.codehaus.groovy.runtime.callsite.CallSiteArray.defaultCallStatic(Lorg/codehaus/groovy/runtime/callsite/CallSite;Ljava/lang/Class;[Ljava/lang/Object;)Ljava/lang/Object;+8
j  org.codehaus.groovy.runtime.callsite.AbstractCallSite.callStatic(Ljava/lang/Class;[Ljava/lang/Object;)Ljava/lang/Object;+3
j  org.codehaus.groovy.runtime.callsite.AbstractCallSite.callStatic(Ljava/lang/Class;Ljava/lang/Object;Ljava/lang/Object;Ljava/lang/Object;)Ljava/lang/Object;+42
j  testOCR_UnclearImage.OCR_Unclear_Image.readimg()Ljava/lang/Object;+829
v  ~StubRoutines::call_stub
j  sun.reflect.NativeMethodAccessorImpl.invoke0(Ljava/lang/reflect/Method;Ljava/lang/Object;[Ljava/lang/Object;)Ljava/lang/Object;+0
j  sun.reflect.NativeMethodAccessorImpl.invoke(Ljava/lang/Object;[Ljava/lang/Object;)Ljava/lang/Object;+100
j  sun.reflect.DelegatingMethodAccessorImpl.invoke(Ljava/lang/Object;[Ljava/lang/Object;)Ljava/lang/Object;+6
j  java.lang.reflect.Method.invoke(Ljava/lang/Object;[Ljava/lang/Object;)Ljava/lang/Object;+56
j  cucumber.runtime.Utils$1.call()Ljava/lang/Object;+28
j  cucumber.runtime.Timeout.timeout(Lcucumber/runtime/Timeout$Callback;J)Ljava/lang/Object;+7
j  cucumber.runtime.Utils.invoke(Ljava/lang/Object;Ljava/lang/reflect/Method;J[Ljava/lang/Object;)Ljava/lang/Object;+20
j  cucumber.runtime.java.JavaStepDefinition.execute(Ljava/lang/String;[Ljava/lang/Object;)V+25
j  cucumber.runtime.PickleStepDefinitionMatch.runStep(Ljava/lang/String;Lcucumber/api/Scenario;)V+157
j  cucumber.runner.TestStep.executeStep(Ljava/lang/String;Lcucumber/api/Scenario;Z)Lcucumber/api/Result$Type;+10
j  cucumber.runner.TestStep.run(Lcucumber/runner/EventBus;Ljava/lang/String;Lcucumber/api/Scenario;Z)Lcucumber/api/Result;+28
j  cucumber.runner.PickleStepTestStep.run(Lcucumber/runner/EventBus;Ljava/lang/String;Lcucumber/api/Scenario;Z)Lcucumber/api/Result;+100
j  cucumber.runner.TestCase.run(Lcucumber/runner/EventBus;)V+172
j  cucumber.runner.Runner.runPickle(Lgherkin/events/PickleEvent;)V+15
j  cucumber.runtime.Runtime.runFeature(Lcucumber/runtime/model/CucumberFeature;)V+48
j  cucumber.runtime.Runtime.run()V+63
j  cucumber.api.cli.Main.run([Ljava/lang/String;Ljava/lang/ClassLoader;)B+55
j  cucumber.api.cli.Main$run.call(Ljava/lang/Object;[Ljava/lang/Object;)Ljava/lang/Object;+21
j  org.codehaus.groovy.runtime.callsite.CallSiteArray.defaultCall(Lorg/codehaus/groovy/runtime/callsite/CallSite;Ljava/lang/Object;[Ljava/lang/Object;)Ljava/lang/Object;+8
j  org.codehaus.groovy.runtime.callsite.AbstractCallSite.call(Ljava/lang/Object;[Ljava/lang/Object;)Ljava/lang/Object;+3
j  org.codehaus.groovy.runtime.callsite.AbstractCallSite.call(Ljava/lang/Object;Ljava/lang/Object;Ljava/lang/Object;)Ljava/lang/Object;+38
j  com.kms.katalon.core.cucumber.keyword.CucumberBuiltinKeywords$_runFeatureFile_closure1.doCall(Ljava/lang/Object;)Ljava/lang/Object;+544
j  com.kms.katalon.core.cucumber.keyword.CucumberBuiltinKeywords$_runFeatureFile_closure1.doCall()Ljava/lang/Object;+6
v  ~StubRoutines::call_stub
j  sun.reflect.NativeMethodAccessorImpl.invoke0(Ljava/lang/reflect/Method;Ljava/lang/Object;[Ljava/lang/Object;)Ljava/lang/Object;+0
j  sun.reflect.NativeMethodAccessorImpl.invoke(Ljava/lang/Object;[Ljava/lang/Object;)Ljava/lang/Object;+100
j  sun.reflect.DelegatingMethodAccessorImpl.invoke(Ljava/lang/Object;[Ljava/lang/Object;)Ljava/lang/Object;+6
j  java.lang.reflect.Method.invoke(Ljava/lang/Object;[Ljava/lang/Object;)Ljava/lang/Object;+56
j  org.codehaus.groovy.reflection.CachedMethod.invoke(Ljava/lang/Object;[Ljava/lang/Object;)Ljava/lang/Object;+6
j  groovy.lang.MetaMethod.doMethodInvoke(Ljava/lang/Object;[Ljava/lang/Object;)Ljava/lang/Object;+9
j  org.codehaus.groovy.runtime.metaclass.ClosureMetaClass.invokeMethod(Ljava/lang/Class;Ljava/lang/Object;Ljava/lang/String;[Ljava/lang/Object;ZZ)Ljava/lang/Object;+238
j  groovy.lang.MetaClassImpl.invokeMethod(Ljava/lang/Object;Ljava/lang/String;[Ljava/lang/Object;)Ljava/lang/Object;+10
j  groovy.lang.Closure.call([Ljava/lang/Object;)Ljava/lang/Object;+8
j  groovy.lang.Closure.call()Ljava/lang/Object;+6
j  com.kms.katalon.core.keyword.internal.KeywordMain.runKeyword(Lgroovy/lang/Closure;Lcom/kms/katalon/core/model/FailureHandling;Ljava/lang/String;)Ljava/lang/Object;+1
j  com.kms.katalon.core.keyword.internal.KeywordMain$runKeyword.call(Ljava/lang/Object;[Ljava/lang/Object;)Ljava/lang/Object;+27
j  org.codehaus.groovy.runtime.callsite.CallSiteArray.defaultCall(Lorg/codehaus/groovy/runtime/callsite/CallSite;Ljava/lang/Object;[Ljava/lang/Object;)Ljava/lang/Object;+8
j  org.codehaus.groovy.runtime.callsite.AbstractCallSite.call(Ljava/lang/Object;[Ljava/lang/Object;)Ljava/lang/Object;+3
j  org.codehaus.groovy.runtime.callsite.AbstractCallSite.call(Ljava/lang/Object;Ljava/lang/Object;Ljava/lang/Object;Ljava/lang/Object;)Ljava/lang/Object;+42
j  com.kms.katalon.core.cucumber.keyword.CucumberBuiltinKeywords.runFeatureFile(Ljava/lang/String;Lcom/kms/katalon/core/model/FailureHandling;)Lcom/kms/katalon/core/cucumber/keyword/CucumberRunnerResult;+54
j  com.kms.katalon.core.cucumber.keyword.CucumberBuiltinKeywords$runFeatureFile$0.callStatic(Ljava/lang/Class;[Ljava/lang/Object;)Ljava/lang/Object;+21
j  org.codehaus.groovy.runtime.callsite.CallSiteArray.defaultCallStatic(Lorg/codehaus/groovy/runtime/callsite/CallSite;Ljava/lang/Class;[Ljava/lang/Object;)Ljava/lang/Object;+8
j  org.codehaus.groovy.runtime.callsite.AbstractCallSite.callStatic(Ljava/lang/Class;[Ljava/lang/Object;)Ljava/lang/Object;+3
j  org.codehaus.groovy.runtime.callsite.AbstractCallSite.callStatic(Ljava/lang/Class;Ljava/lang/Object;Ljava/lang/Object;)Ljava/lang/Object;+38
j  com.kms.katalon.core.cucumber.keyword.CucumberBuiltinKeywords.runFeatureFile(Ljava/lang/String;)Z+22
j  com.kms.katalon.core.cucumber.keyword.CucumberBuiltinKeywords$runFeatureFile.call(Ljava/lang/Object;[Ljava/lang/Object;)Ljava/lang/Object;+15
j  org.codehaus.groovy.runtime.callsite.CallSiteArray.defaultCall(Lorg/codehaus/groovy/runtime/callsite/CallSite;Ljava/lang/Object;[Ljava/lang/Object;)Ljava/lang/Object;+8
j  org.codehaus.groovy.runtime.callsite.AbstractCallSite.call(Ljava/lang/Object;[Ljava/lang/Object;)Ljava/lang/Object;+3
j  org.codehaus.groovy.runtime.callsite.AbstractCallSite.call(Ljava/lang/Object;Ljava/lang/Object;)Ljava/lang/Object;+33
j  WSVerification1583746919840.run()Ljava/lang/Object;+107
j  com.kms.katalon.core.main.ScriptEngine.run(Lgroovy/lang/GroovyCodeSource;Lgroovy/lang/Binding;Z)Ljava/lang/Object;+7
j  com.kms.katalon.core.main.ScriptEngine.runScriptAsRawText(Ljava/lang/String;Ljava/lang/String;Lgroovy/lang/Binding;Ljava/lang/String;)Ljava/lang/Object;+68
j  com.kms.katalon.core.main.WSVerificationExecutor.runScript(Ljava/lang/String;)Ljava/lang/Object;+72
j  com.kms.katalon.core.main.WSVerificationExecutor.doExecute()V+9
j  com.kms.katalon.core.main.WSVerificationExecutor.processExecutionPhase()V+12
j  com.kms.katalon.core.main.WSVerificationExecutor.accessMainPhase()V+1
j  com.kms.katalon.core.main.WSVerificationExecutor.execute(Lcom/kms/katalon/core/model/FailureHandling;)Lcom/kms/katalon/core/main/TestResult;+21
j  com.kms.katalon.core.main.TestCaseMain.runFeatureFile(Ljava/lang/String;)Lcom/kms/katalon/core/main/TestResult;+38
j  com.kms.katalon.core.main.TestCaseMain$runFeatureFile$0.call(Ljava/lang/Object;[Ljava/lang/Object;)Ljava/lang/Object;+15
j  org.codehaus.groovy.runtime.callsite.CallSiteArray.defaultCall(Lorg/codehaus/groovy/runtime/callsite/CallSite;Ljava/lang/Object;[Ljava/lang/Object;)Ljava/lang/Object;+8
j  org.codehaus.groovy.runtime.callsite.AbstractCallSite.call(Ljava/lang/Object;[Ljava/lang/Object;)Ljava/lang/Object;+3
j  org.codehaus.groovy.runtime.callsite.AbstractCallSite.call(Ljava/lang/Object;Ljava/lang/Object;)Ljava/lang/Object;+33
j  TempTempCase1583746918432.run()Ljava/lang/Object;+134
j  groovy.lang.GroovyShell.runScriptOrMainOrTestOrRunnable(Ljava/lang/Class;[Ljava/lang/String;)Ljava/lang/Object;+61
j  groovy.lang.GroovyShell.run(Lgroovy/lang/GroovyCodeSource;[Ljava/lang/String;)Ljava/lang/Object;+9
j  groovy.lang.GroovyShell.run(Lgroovy/lang/GroovyCodeSource;Ljava/util/List;)Ljava/lang/Object;+23
j  groovy.ui.GroovyMain.processOnce()V+33
j  groovy.ui.GroovyMain.run()Z+29
j  groovy.ui.GroovyMain.process(Lgroovyjarjarcommonscli/CommandLine;)Z+602
j  groovy.ui.GroovyMain.processArgs([Ljava/lang/String;Ljava/io/PrintStream;)V+108
j  groovy.ui.GroovyMain.main([Ljava/lang/String;)V+4
v  ~StubRoutines::call_stub
j  sun.reflect.NativeMethodAccessorImpl.invoke0(Ljava/lang/reflect/Method;Ljava/lang/Object;[Ljava/lang/Object;)Ljava/lang/Object;+0
j  sun.reflect.NativeMethodAccessorImpl.invoke(Ljava/lang/Object;[Ljava/lang/Object;)Ljava/lang/Object;+100
j  sun.reflect.DelegatingMethodAccessorImpl.invoke(Ljava/lang/Object;[Ljava/lang/Object;)Ljava/lang/Object;+6
j  java.lang.reflect.Method.invoke(Ljava/lang/Object;[Ljava/lang/Object;)Ljava/lang/Object;+56
j  org.codehaus.groovy.tools.GroovyStarter.rootLoader([Ljava/lang/String;)V+391
j  org.codehaus.groovy.tools.GroovyStarter.main([Ljava/lang/String;)V+1
v  ~StubRoutines::call_stub

---------------  P R O C E S S  ---------------

Java Threads: ( => current thread )
  0x00007f7fd09f1800 JavaThread "Java2D Queue Flusher" daemon [_thread_blocked, id=71687, stack(0x000070000ec39000,0x000070000ed39000)]
  0x00007f7fd2cf8000 JavaThread "Java2D Disposer" daemon [_thread_blocked, id=35503, stack(0x000070000eb36000,0x000070000ec36000)]
  0x00007f7fd36b4000 JavaThread "AWT-Shutdown" [_thread_blocked, id=27675, stack(0x000070000e7a4000,0x000070000e8a4000)]
  0x00007f7fd36b0000 JavaThread "AWT-AppKit" daemon [_thread_in_native, id=775, stack(0x00007ffee9602000,0x00007ffee9e02000)]
  0x00007f7fd102e800 JavaThread "Service Thread" daemon [_thread_blocked, id=21763, stack(0x000070000e59e000,0x000070000e69e000)]
  0x00007f7fd2801000 JavaThread "C1 CompilerThread3" daemon [_thread_blocked, id=16387, stack(0x000070000e49b000,0x000070000e59b000)]
  0x00007f7fd1013800 JavaThread "C2 CompilerThread2" daemon [_thread_in_native, id=16899, stack(0x000070000e398000,0x000070000e498000)]
  0x00007f7fd1013000 JavaThread "C2 CompilerThread1" daemon [_thread_blocked, id=17155, stack(0x000070000e295000,0x000070000e395000)]
  0x00007f7fd303b000 JavaThread "C2 CompilerThread0" daemon [_thread_blocked, id=17667, stack(0x000070000e192000,0x000070000e292000)]
  0x00007f7fd303a800 JavaThread "Signal Dispatcher" daemon [_thread_blocked, id=15619, stack(0x000070000e08f000,0x000070000e18f000)]
  0x00007f7fd182a000 JavaThread "Finalizer" daemon [_thread_blocked, id=13315, stack(0x000070000de86000,0x000070000df86000)]
  0x00007f7fd1829800 JavaThread "Reference Handler" daemon [_thread_blocked, id=19715, stack(0x000070000dd83000,0x000070000de83000)]
=>0x00007f7fd1007000 JavaThread "main" [_thread_in_native, id=3587, stack(0x000070000d15f000,0x000070000d25f000)]

Other Threads:
  0x00007f7fd3814000 VMThread [stack: 0x000070000dc80000,0x000070000dd80000] [id=19971]
  0x00007f7fd2834000 WatcherThread [stack: 0x000070000e6a1000,0x000070000e7a1000] [id=43267]

VM state:not at safepoint (normal execution)

VM Mutex/Monitor currently owned by a thread: None

Heap:
 PSYoungGen      total 141824K, used 58938K [0x000000079a180000, 0x00000007a3680000, 0x00000007c0000000)
  eden space 131072K, 44% used [0x000000079a180000,0x000000079db0e800,0x00000007a2180000)
  from space 10752K, 0% used [0x00000007a2c00000,0x00000007a2c00000,0x00000007a3680000)
  to   space 10752K, 0% used [0x00000007a2180000,0x00000007a2180000,0x00000007a2c00000)
 ParOldGen       total 104448K, used 11947K [0x000000074e400000, 0x0000000754a00000, 0x000000079a180000)
  object space 104448K, 11% used [0x000000074e400000,0x000000074efaae48,0x0000000754a00000)
 Metaspace       used 25363K, capacity 25614K, committed 25904K, reserved 1073152K
  class space    used 2991K, capacity 3113K, committed 3120K, reserved 1048576K

Card table byte_map: [0x0000000108b74000,0x0000000108f03000] byte_map_base: 0x0000000105102000

Marking Bits: (ParMarkBitMap*) 0x00000001080f9cd0
 Begin Bits: [0x0000000109162000, 0x000000010add2000)
 End Bits:   [0x000000010add2000, 0x000000010ca42000)

Polling page: 0x0000000105e77000

CodeCache: size=245760Kb used=8571Kb max_used=8585Kb free=237188Kb
 bounds [0x000000011416e000, 0x00000001149de000, 0x000000012316e000]
 total_blobs=2810 nmethods=2054 adapters=669
 compilation: enabled

Compilation events (10 events):
Event: 10.120 Thread 0x00007f7fd303b000 nmethod 2039 0x00000001149c39d0 code [0x00000001149c3ba0, 0x00000001149c4a98]
Event: 10.120 Thread 0x00007f7fd303b000 2048       4       sun.misc.ProxyGenerator$ConstantPool::getIndirect (67 bytes)
Event: 10.121 Thread 0x00007f7fd2801000 2057       3       sun.reflect.ClassFileAssembler::emitConstantPoolUTF8 (50 bytes)
Event: 10.122 Thread 0x00007f7fd2801000 nmethod 2057 0x00000001149c6b90 code [0x00000001149c6d80, 0x00000001149c7428]
Event: 10.122 Thread 0x00007f7fd2801000 2058       3       sun.reflect.UTF8::utf8Length (81 bytes)
Event: 10.122 Thread 0x00007f7fd2801000 nmethod 2058 0x00000001149c6110 code [0x00000001149c62c0, 0x00000001149c6908]
Event: 10.122 Thread 0x00007f7fd2801000 2059       3       sun.reflect.ClassFileAssembler::cpi (22 bytes)
Event: 10.122 Thread 0x00007f7fd2801000 nmethod 2059 0x00000001149c5c90 code [0x00000001149c5e00, 0x00000001149c6048]
Event: 10.124 Thread 0x00007f7fd1013000 nmethod 2052 0x00000001149d5090 code [0x00000001149d52c0, 0x00000001149d7270]
Event: 10.130 Thread 0x00007f7fd303b000 nmethod 2048 0x00000001149cced0 code [0x00000001149cd0c0, 0x00000001149cd9c8]

GC Heap History (10 events):
Event: 0.628 GC heap before
{Heap before GC invocations=1 (full 0):
 PSYoungGen      total 76288K, used 65536K [0x000000079a180000, 0x000000079f680000, 0x00000007c0000000)
  eden space 65536K, 100% used [0x000000079a180000,0x000000079e180000,0x000000079e180000)
  from space 10752K, 0% used [0x000000079ec00000,0x000000079ec00000,0x000000079f680000)
  to   space 10752K, 0% used [0x000000079e180000,0x000000079e180000,0x000000079ec00000)
 ParOldGen       total 175104K, used 0K [0x000000074e400000, 0x0000000758f00000, 0x000000079a180000)
  object space 175104K, 0% used [0x000000074e400000,0x000000074e400000,0x0000000758f00000)
 Metaspace       used 9898K, capacity 10006K, committed 10112K, reserved 1058816K
  class space    used 1108K, capacity 1137K, committed 1152K, reserved 1048576K
Event: 0.634 GC heap after
Heap after GC invocations=1 (full 0):
 PSYoungGen      total 76288K, used 7032K [0x000000079a180000, 0x000000079f680000, 0x00000007c0000000)
  eden space 65536K, 0% used [0x000000079a180000,0x000000079a180000,0x000000079e180000)
  from space 10752K, 65% used [0x000000079e180000,0x000000079e85e228,0x000000079ec00000)
  to   space 10752K, 0% used [0x000000079ec00000,0x000000079ec00000,0x000000079f680000)
 ParOldGen       total 175104K, used 8K [0x000000074e400000, 0x0000000758f00000, 0x000000079a180000)
  object space 175104K, 0% used [0x000000074e400000,0x000000074e402000,0x0000000758f00000)
 Metaspace       used 9898K, capacity 10006K, committed 10112K, reserved 1058816K
  class space    used 1108K, capacity 1137K, committed 1152K, reserved 1048576K
}
Event: 1.037 GC heap before
{Heap before GC invocations=2 (full 0):
 PSYoungGen      total 76288K, used 72568K [0x000000079a180000, 0x000000079f680000, 0x00000007c0000000)
  eden space 65536K, 100% used [0x000000079a180000,0x000000079e180000,0x000000079e180000)
  from space 10752K, 65% used [0x000000079e180000,0x000000079e85e228,0x000000079ec00000)
  to   space 10752K, 0% used [0x000000079ec00000,0x000000079ec00000,0x000000079f680000)
 ParOldGen       total 175104K, used 8K [0x000000074e400000, 0x0000000758f00000, 0x000000079a180000)
  object space 175104K, 0% used [0x000000074e400000,0x000000074e402000,0x0000000758f00000)
 Metaspace       used 16576K, capacity 16726K, committed 17024K, reserved 1064960K
  class space    used 1806K, capacity 1867K, committed 1920K, reserved 1048576K
Event: 1.042 GC heap after
Heap after GC invocations=2 (full 0):
 PSYoungGen      total 76288K, used 9019K [0x000000079a180000, 0x00000007a3680000, 0x00000007c0000000)
  eden space 65536K, 0% used [0x000000079a180000,0x000000079a180000,0x000000079e180000)
  from space 10752K, 83% used [0x000000079ec00000,0x000000079f4ced40,0x000000079f680000)
  to   space 10752K, 0% used [0x000000079e180000,0x000000079e180000,0x000000079ec00000)
 ParOldGen       total 175104K, used 80K [0x000000074e400000, 0x0000000758f00000, 0x000000079a180000)
  object space 175104K, 0% used [0x000000074e400000,0x000000074e414010,0x0000000758f00000)
 Metaspace       used 16576K, capacity 16726K, committed 17024K, reserved 1064960K
  class space    used 1806K, capacity 1867K, committed 1920K, reserved 1048576K
}
Event: 1.466 GC heap before
{Heap before GC invocations=3 (full 0):
 PSYoungGen      total 76288K, used 74555K [0x000000079a180000, 0x00000007a3680000, 0x00000007c0000000)
  eden space 65536K, 100% used [0x000000079a180000,0x000000079e180000,0x000000079e180000)
  from space 10752K, 83% used [0x000000079ec00000,0x000000079f4ced40,0x000000079f680000)
  to   space 10752K, 0% used [0x000000079e180000,0x000000079e180000,0x000000079ec00000)
 ParOldGen       total 175104K, used 80K [0x000000074e400000, 0x0000000758f00000, 0x000000079a180000)
  object space 175104K, 0% used [0x000000074e400000,0x000000074e414010,0x0000000758f00000)
 Metaspace       used 20345K, capacity 20596K, committed 20992K, reserved 1067008K
  class space    used 2333K, capacity 2440K, committed 2560K, reserved 1048576K
Event: 1.477 GC heap after
Heap after GC invocations=3 (full 0):
 PSYoungGen      total 76288K, used 10735K [0x000000079a180000, 0x00000007a3680000, 0x00000007c0000000)
  eden space 65536K, 0% used [0x000000079a180000,0x000000079a180000,0x000000079e180000)
  from space 10752K, 99% used [0x000000079e180000,0x000000079ebfbd28,0x000000079ec00000)
  to   space 10752K, 0% used [0x00000007a2c00000,0x00000007a2c00000,0x00000007a3680000)
 ParOldGen       total 175104K, used 2534K [0x000000074e400000, 0x0000000758f00000, 0x000000079a180000)
  object space 175104K, 1% used [0x000000074e400000,0x000000074e679a50,0x0000000758f00000)
 Metaspace       used 20345K, capacity 20596K, committed 20992K, reserved 1067008K
  class space    used 2333K, capacity 2440K, committed 2560K, reserved 1048576K
}
Event: 1.541 GC heap before
{Heap before GC invocations=4 (full 0):
 PSYoungGen      total 76288K, used 24566K [0x000000079a180000, 0x00000007a3680000, 0x00000007c0000000)
  eden space 65536K, 21% used [0x000000079a180000,0x000000079af01dc8,0x000000079e180000)
  from space 10752K, 99% used [0x000000079e180000,0x000000079ebfbd28,0x000000079ec00000)
  to   space 10752K, 0% used [0x00000007a2c00000,0x00000007a2c00000,0x00000007a3680000)
 ParOldGen       total 175104K, used 2534K [0x000000074e400000, 0x0000000758f00000, 0x000000079a180000)
  object space 175104K, 1% used [0x000000074e400000,0x000000074e679a50,0x0000000758f00000)
 Metaspace       used 20844K, capacity 21108K, committed 21296K, reserved 1069056K
  class space    used 2435K, capacity 2568K, committed 2608K, reserved 1048576K
Event: 1.550 GC heap after
Heap after GC invocations=4 (full 0):
 PSYoungGen      total 141824K, used 10750K [0x000000079a180000, 0x00000007a3680000, 0x00000007c0000000)
  eden space 131072K, 0% used [0x000000079a180000,0x000000079a180000,0x00000007a2180000)
  from space 10752K, 99% used [0x00000007a2c00000,0x00000007a367f8b8,0x00000007a3680000)
  to   space 10752K, 0% used [0x00000007a2180000,0x00000007a2180000,0x00000007a2c00000)
 ParOldGen       total 175104K, used 3167K [0x000000074e400000, 0x0000000758f00000, 0x000000079a180000)
  object space 175104K, 1% used [0x000000074e400000,0x000000074e717ef8,0x0000000758f00000)
 Metaspace       used 20844K, capacity 21108K, committed 21296K, reserved 1069056K
  class space    used 2435K, capacity 2568K, committed 2608K, reserved 1048576K
}
Event: 1.550 GC heap before
{Heap before GC invocations=5 (full 1):
 PSYoungGen      total 141824K, used 10750K [0x000000079a180000, 0x00000007a3680000, 0x00000007c0000000)
  eden space 131072K, 0% used [0x000000079a180000,0x000000079a180000,0x00000007a2180000)
  from space 10752K, 99% used [0x00000007a2c00000,0x00000007a367f8b8,0x00000007a3680000)
  to   space 10752K, 0% used [0x00000007a2180000,0x00000007a2180000,0x00000007a2c00000)
 ParOldGen       total 175104K, used 3167K [0x000000074e400000, 0x0000000758f00000, 0x000000079a180000)
  object space 175104K, 1% used [0x000000074e400000,0x000000074e717ef8,0x0000000758f00000)
 Metaspace       used 20844K, capacity 21108K, committed 21296K, reserved 1069056K
  class space    used 2435K, capacity 2568K, committed 2608K, reserved 1048576K
Event: 1.586 GC heap after
Heap after GC invocations=5 (full 1):
 PSYoungGen      total 141824K, used 0K [0x000000079a180000, 0x00000007a3680000, 0x00000007c0000000)
  eden space 131072K, 0% used [0x000000079a180000,0x000000079a180000,0x00000007a2180000)
  from space 10752K, 0% used [0x00000007a2c00000,0x00000007a2c00000,0x00000007a3680000)
  to   space 10752K, 0% used [0x00000007a2180000,0x00000007a2180000,0x00000007a2c00000)
 ParOldGen       total 104448K, used 11947K [0x000000074e400000, 0x0000000754a00000, 0x000000079a180000)
  object space 104448K, 11% used [0x000000074e400000,0x000000074efaae48,0x0000000754a00000)
 Metaspace       used 20844K, capacity 21108K, committed 21296K, reserved 1069056K
  class space    used 2435K, capacity 2568K, committed 2608K, reserved 1048576K
}

Deoptimization events (10 events):
Event: 1.701 Thread 0x00007f7fd1007000 Uncommon trap: reason=class_check action=maybe_recompile pc=0x000000011463a9d8 method=java.util.HashMap.putVal(ILjava/lang/Object;Ljava/lang/Object;ZZ)Ljava/lang/Object; @ 203
Event: 1.724 Thread 0x00007f7fd1007000 Uncommon trap: reason=null_check action=make_not_entrant pc=0x00000001147acc10 method=org.codehaus.groovy.reflection.ClassInfo.getLocalClassInfoMap()Lorg/codehaus/groovy/reflection/ClassInfo$LocalMap; @ 6
Event: 1.727 Thread 0x00007f7fd1007000 Uncommon trap: reason=null_check action=make_not_entrant pc=0x000000011488bfa4 method=org.codehaus.groovy.reflection.ClassInfo.getLocalClassInfoMap()Lorg/codehaus/groovy/reflection/ClassInfo$LocalMap; @ 6
Event: 9.811 Thread 0x00007f7fd1007000 Uncommon trap: reason=unstable_if action=reinterpret pc=0x00000001147580a8 method=java.io.File.getName()Ljava/lang/String; @ 16
Event: 10.055 Thread 0x00007f7fd1007000 Uncommon trap: reason=unstable_if action=reinterpret pc=0x00000001147680a8 method=java.io.File.getName()Ljava/lang/String; @ 16
Event: 10.055 Thread 0x00007f7fd1007000 Uncommon trap: reason=unstable_if action=reinterpret pc=0x000000011475b76c method=java.io.File.getName()Ljava/lang/String; @ 16
Event: 10.056 Thread 0x00007f7fd1007000 Uncommon trap: reason=unstable_if action=reinterpret pc=0x00000001146f5784 method=java.lang.StringCoding.encode(Ljava/lang/String;[CII)[B @ 38
Event: 10.072 Thread 0x00007f7fd1007000 Uncommon trap: reason=class_check action=maybe_recompile pc=0x000000011463a9d8 method=java.util.HashMap.putVal(ILjava/lang/Object;Ljava/lang/Object;ZZ)Ljava/lang/Object; @ 203
Event: 10.073 Thread 0x00007f7fd1007000 Uncommon trap: reason=class_check action=maybe_recompile pc=0x000000011463a9d8 method=java.util.HashMap.putVal(ILjava/lang/Object;Ljava/lang/Object;ZZ)Ljava/lang/Object; @ 203
Event: 10.091 Thread 0x00007f7fd1007000 Uncommon trap: reason=unstable_if action=reinterpret pc=0x00000001149695d4 method=sun.awt.image.ByteInterleavedRaster.getByteData(IIII[B)[B @ 49

Classes redefined (0 events):
No events

Internal exceptions (10 events):
Event: 9.693 Thread 0x00007f7fd1007000 Exception <a 'java/lang/ClassNotFoundException': sun/java2d/SunGraphics2DBeanInfo> (0x000000079bd51a30) thrown at [/Users/java_re/workspace/8-2-build-macosx-x86_64/jdk8u181/11358/hotspot/src/share/vm/classfile/systemDictionary.cpp, line 210]
Event: 9.693 Thread 0x00007f7fd1007000 Exception <a 'java/lang/ClassNotFoundException': java/awt/Graphics2DBeanInfo> (0x000000079bd749b8) thrown at [/Users/java_re/workspace/8-2-build-macosx-x86_64/jdk8u181/11358/hotspot/src/share/vm/classfile/systemDictionary.cpp, line 210]
Event: 9.693 Thread 0x00007f7fd1007000 Exception <a 'java/lang/ClassNotFoundException': java/awt/GraphicsBeanInfo> (0x000000079bd95920) thrown at [/Users/java_re/workspace/8-2-build-macosx-x86_64/jdk8u181/11358/hotspot/src/share/vm/classfile/systemDictionary.cpp, line 210]
Event: 9.694 Thread 0x00007f7fd1007000 Exception <a 'java/lang/ClassNotFoundException': java/awt/GraphicsCustomizer> (0x000000079bdb8870) thrown at [/Users/java_re/workspace/8-2-build-macosx-x86_64/jdk8u181/11358/hotspot/src/share/vm/classfile/systemDictionary.cpp, line 210]
Event: 9.695 Thread 0x00007f7fd1007000 Exception <a 'java/lang/ClassNotFoundException': java/awt/Graphics2DCustomizer> (0x000000079be023c8) thrown at [/Users/java_re/workspace/8-2-build-macosx-x86_64/jdk8u181/11358/hotspot/src/share/vm/classfile/systemDictionary.cpp, line 210]
Event: 9.696 Thread 0x00007f7fd1007000 Exception <a 'java/lang/ClassNotFoundException': sun/java2d/SunGraphics2DCustomizer> (0x000000079be49048) thrown at [/Users/java_re/workspace/8-2-build-macosx-x86_64/jdk8u181/11358/hotspot/src/share/vm/classfile/systemDictionary.cpp, line 210]
Event: 9.705 Thread 0x00007f7fd1007000 Exception <a 'java/lang/ClassNotFoundException': java/awt/image/RescaleOpBeanInfo> (0x000000079c2f39a0) thrown at [/Users/java_re/workspace/8-2-build-macosx-x86_64/jdk8u181/11358/hotspot/src/share/vm/classfile/systemDictionary.cpp, line 210]
Event: 9.705 Thread 0x00007f7fd1007000 Exception <a 'java/lang/ClassNotFoundException': java/awt/image/RescaleOpCustomizer> (0x000000079c31a3c0) thrown at [/Users/java_re/workspace/8-2-build-macosx-x86_64/jdk8u181/11358/hotspot/src/share/vm/classfile/systemDictionary.cpp, line 210]
Event: 9.796 Thread 0x00007f7fd1007000 Exception <a 'java/lang/ClassNotFoundException': net/sourceforge/tess4j/TesseractBeanInfo> (0x000000079cd88d10) thrown at [/Users/java_re/workspace/8-2-build-macosx-x86_64/jdk8u181/11358/hotspot/src/share/vm/classfile/systemDictionary.cpp, line 210]
Event: 9.797 Thread 0x00007f7fd1007000 Exception <a 'java/lang/ClassNotFoundException': net/sourceforge/tess4j/TesseractCustomizer> (0x000000079cdc7918) thrown at [/Users/java_re/workspace/8-2-build-macosx-x86_64/jdk8u181/11358/hotspot/src/share/vm/classfile/systemDictionary.cpp, line 210]

Events (10 events):
Event: 10.100 Thread 0x00007f7fd1007000 DEOPT PACKING pc=0x00000001149c0f32 sp=0x000070000d25a960
Event: 10.100 Thread 0x00007f7fd1007000 DEOPT UNPACKING pc=0x00000001141b5784 sp=0x000070000d25a6c0 mode 0
Event: 10.100 Thread 0x00007f7fd1007000 DEOPT PACKING pc=0x00000001149c0f32 sp=0x000070000d25a960
Event: 10.100 Thread 0x00007f7fd1007000 DEOPT UNPACKING pc=0x00000001141b5784 sp=0x000070000d25a6c0 mode 0
Event: 10.100 Thread 0x00007f7fd1007000 DEOPT PACKING pc=0x00000001149c0f32 sp=0x000070000d25a960
Event: 10.100 Thread 0x00007f7fd1007000 DEOPT UNPACKING pc=0x00000001141b5784 sp=0x000070000d25a6c0 mode 0
Event: 10.112 loading class java/nio/DirectByteBuffer$Deallocator
Event: 10.113 loading class java/nio/DirectByteBuffer$Deallocator done
Event: 10.113 loading class com/sun/jna/Native$Buffers
Event: 10.113 loading class com/sun/jna/Native$Buffers done


Dynamic libraries:
0x00007fff3b8a9000 	/System/Library/Frameworks/Cocoa.framework/Versions/A/Cocoa
0x00007fff48e50000 	/System/Library/Frameworks/Security.framework/Versions/A/Security
0x00007fff3a84f000 	/System/Library/Frameworks/ApplicationServices.framework/Versions/A/ApplicationServices
0x00007fff72eab000 	/usr/lib/libz.1.dylib
0x00007fff709b3000 	/usr/lib/libSystem.B.dylib
0x00007fff727d6000 	/usr/lib/libobjc.A.dylib
0x00007fff3c80e000 	/System/Library/Frameworks/CoreFoundation.framework/Versions/A/CoreFoundation
0x00007fff3eec9000 	/System/Library/Frameworks/Foundation.framework/Versions/C/Foundation
0x00007fff39a53000 	/System/Library/Frameworks/AppKit.framework/Versions/C/AppKit
0x00007fff3c328000 	/System/Library/Frameworks/CoreData.framework/Versions/A/CoreData
0x00007fff6d264000 	/System/Library/PrivateFrameworks/UIFoundation.framework/Versions/A/UIFoundation
0x00007fff67b04000 	/System/Library/PrivateFrameworks/RemoteViewServices.framework/Versions/A/RemoteViewServices
0x00007fff6fce4000 	/System/Library/PrivateFrameworks/XCTTargetBootstrap.framework/Versions/A/XCTTargetBootstrap
0x00007fff3c703000 	/System/Library/Frameworks/CoreDisplay.framework/Versions/A/CoreDisplay
0x00007fff41c01000 	/System/Library/Frameworks/Metal.framework/Versions/A/Metal
0x00007fff56071000 	/System/Library/PrivateFrameworks/DesktopServicesPriv.framework/Versions/A/DesktopServicesPriv
0x00007fff71ace000 	/usr/lib/liblangid.dylib
0x00007fff551cd000 	/System/Library/PrivateFrameworks/CoreSVG.framework/Versions/A/CoreSVG
0x00007fff6a834000 	/System/Library/PrivateFrameworks/SkyLight.framework/Versions/A/SkyLight
0x00007fff3cc8f000 	/System/Library/Frameworks/CoreGraphics.framework/Versions/A/CoreGraphics
0x00007fff385f4000 	/System/Library/Frameworks/Accelerate.framework/Versions/A/Accelerate
0x00007fff72d9c000 	/usr/lib/libxml2.2.dylib
0x00007fff60c3c000 	/System/Library/PrivateFrameworks/IconServices.framework/Versions/A/IconServices
0x00007fff3f687000 	/System/Library/Frameworks/IOSurface.framework/Versions/A/IOSurface
0x00007fff704ec000 	/usr/lib/libDiagnosticMessagesClient.dylib
0x00007fff55eeb000 	/System/Library/PrivateFrameworks/DFRFoundation.framework/Versions/A/DFRFoundation
0x00007fff7185c000 	/usr/lib/libicucore.A.dylib
0x00007fff3ab81000 	/System/Library/Frameworks/AudioToolbox.framework/Versions/A/AudioToolbox
0x00007fff3ac63000 	/System/Library/Frameworks/AudioUnit.framework/Versions/A/AudioUnit
0x00007fff70bb5000 	/usr/lib/libauto.dylib
0x00007fff55f6b000 	/System/Library/PrivateFrameworks/DataDetectorsCore.framework/Versions/A/DataDetectorsCore
0x00007fff3b3ca000 	/System/Library/Frameworks/Carbon.framework/Versions/A/Frameworks/HIToolbox.framework/Versions/A/HIToolbox
0x00007fff48048000 	/System/Library/Frameworks/QuartzCore.framework/Versions/A/QuartzCore
0x00007fff3b709000 	/System/Library/Frameworks/Carbon.framework/Versions/A/Frameworks/SpeechRecognition.framework/Versions/A/SpeechRecognition
0x00007fff5586d000 	/System/Library/PrivateFrameworks/CoreUI.framework/Versions/A/CoreUI
0x00007fff3bd8e000 	/System/Library/Frameworks/CoreAudio.framework/Versions/A/CoreAudio
0x00007fff3eb96000 	/System/Library/Frameworks/DiskArbitration.framework/Versions/A/DiskArbitration
0x00007fff62d22000 	/System/Library/PrivateFrameworks/MultitouchSupport.framework/Versions/A/MultitouchSupport
0x00007fff71727000 	/usr/lib/libenergytrace.dylib
0x00007fff3f5e2000 	/System/Library/Frameworks/IOKit.framework/Versions/A/IOKit
0x00007fff3dbf5000 	/System/Library/Frameworks/CoreServices.framework/Versions/A/CoreServices
0x00007fff64d77000 	/System/Library/PrivateFrameworks/PerformanceAnalysis.framework/Versions/A/PerformanceAnalysis
0x00007fff47080000 	/System/Library/Frameworks/OpenGL.framework/Versions/A/OpenGL
0x00007fff3b8b7000 	/System/Library/Frameworks/ColorSync.framework/Versions/A/ColorSync
0x00007fff3d316000 	/System/Library/Frameworks/CoreImage.framework/Versions/A/CoreImage
0x00007fff3e669000 	/System/Library/Frameworks/CoreText.framework/Versions/A/CoreText
0x00007fff3f70a000 	/System/Library/Frameworks/ImageIO.framework/Versions/A/ImageIO
0x00007fff70c91000 	/usr/lib/libc++.1.dylib
0x00007fff70d0d000 	/usr/lib/libcompression.dylib
0x00007fff7082d000 	/usr/lib/libMobileGestalt.dylib
0x00007fff6c357000 	/System/Library/PrivateFrameworks/TextureIO.framework/Versions/A/TextureIO
0x00007fff70b1b000 	/usr/lib/libate.dylib
0x00007fff60e42000 	/System/Library/PrivateFrameworks/InternationalSupport.framework/Versions/A/InternationalSupport
0x00007fff73922000 	/usr/lib/system/libcache.dylib
0x00007fff73928000 	/usr/lib/system/libcommonCrypto.dylib
0x00007fff73934000 	/usr/lib/system/libcompiler_rt.dylib
0x00007fff7393c000 	/usr/lib/system/libcopyfile.dylib
0x00007fff73946000 	/usr/lib/system/libcorecrypto.dylib
0x00007fff73af4000 	/usr/lib/system/libdispatch.dylib
0x00007fff73b36000 	/usr/lib/system/libdyld.dylib
0x00007fff73b6c000 	/usr/lib/system/libkeymgr.dylib
0x00007fff73b7a000 	/usr/lib/system/liblaunch.dylib
0x00007fff73b7b000 	/usr/lib/system/libmacho.dylib
0x00007fff73b81000 	/usr/lib/system/libquarantine.dylib
0x00007fff73b84000 	/usr/lib/system/libremovefile.dylib
0x00007fff73b86000 	/usr/lib/system/libsystem_asl.dylib
0x00007fff73b9e000 	/usr/lib/system/libsystem_blocks.dylib
0x00007fff73b9f000 	/usr/lib/system/libsystem_c.dylib
0x00007fff73c27000 	/usr/lib/system/libsystem_configuration.dylib
0x00007fff73c2b000 	/usr/lib/system/libsystem_coreservices.dylib
0x00007fff73c2f000 	/usr/lib/system/libsystem_darwin.dylib
0x00007fff73c37000 	/usr/lib/system/libsystem_dnssd.dylib
0x00007fff73c3f000 	/usr/lib/system/libsystem_featureflags.dylib
0x00007fff73c41000 	/usr/lib/system/libsystem_info.dylib
0x00007fff73cbc000 	/usr/lib/system/libsystem_m.dylib
0x00007fff73d04000 	/usr/lib/system/libsystem_malloc.dylib
0x00007fff73d2c000 	/usr/lib/system/libsystem_networkextension.dylib
0x00007fff73d3a000 	/usr/lib/system/libsystem_notify.dylib
0x00007fff73d59000 	/usr/lib/system/libsystem_sandbox.dylib
0x00007fff73d5e000 	/usr/lib/system/libsystem_secinit.dylib
0x00007fff73c8f000 	/usr/lib/system/libsystem_kernel.dylib
0x00007fff73d44000 	/usr/lib/system/libsystem_platform.dylib
0x00007fff73d4e000 	/usr/lib/system/libsystem_pthread.dylib
0x00007fff73d61000 	/usr/lib/system/libsystem_symptoms.dylib
0x00007fff73d69000 	/usr/lib/system/libsystem_trace.dylib
0x00007fff73d81000 	/usr/lib/system/libunwind.dylib
0x00007fff73d87000 	/usr/lib/system/libxpc.dylib
0x00007fff70ce5000 	/usr/lib/libc++abi.dylib
0x00007fff71ad0000 	/usr/lib/liblzma.5.dylib
0x00007fff7174f000 	/usr/lib/libfakelink.dylib
0x00007fff70aa8000 	/usr/lib/libarchive.2.dylib
0x00007fff4a064000 	/System/Library/Frameworks/SystemConfiguration.framework/Versions/A/SystemConfiguration
0x00007fff7041d000 	/usr/lib/libCRFSuite.dylib
0x00007fff3afd9000 	/System/Library/Frameworks/CFNetwork.framework/Versions/A/CFNetwork
0x00007fff70c73000 	/usr/lib/libbsm.0.dylib
0x00007fff73b6d000 	/usr/lib/system/libkxld.dylib
0x00007fff4fa6a000 	/System/Library/PrivateFrameworks/AppleFSCompression.framework/Versions/A/AppleFSCompression
0x00007fff70fe6000 	/usr/lib/libcoretls.dylib
0x00007fff70ffd000 	/usr/lib/libcoretls_cfhelpers.dylib
0x00007fff7281a000 	/usr/lib/libpam.2.dylib
0x00007fff72949000 	/usr/lib/libsqlite3.dylib
0x00007fff72d89000 	/usr/lib/libxar.1.dylib
0x00007fff70c84000 	/usr/lib/libbz2.1.0.dylib
0x00007fff7176b000 	/usr/lib/libiconv.2.dylib
0x00007fff70cfa000 	/usr/lib/libcharset.1.dylib
0x00007fff722c6000 	/usr/lib/libnetwork.dylib
0x00007fff72821000 	/usr/lib/libpcap.A.dylib
0x00007fff70a5d000 	/usr/lib/libapple_nghttp2.dylib
0x00007fff3dfac000 	/System/Library/Frameworks/CoreServices.framework/Versions/A/Frameworks/FSEvents.framework/Versions/A/FSEvents
0x00007fff3dc7c000 	/System/Library/Frameworks/CoreServices.framework/Versions/A/Frameworks/CarbonCore.framework/Versions/A/CarbonCore
0x00007fff3e1ee000 	/System/Library/Frameworks/CoreServices.framework/Versions/A/Frameworks/Metadata.framework/Versions/A/Metadata
0x00007fff3e287000 	/System/Library/Frameworks/CoreServices.framework/Versions/A/Frameworks/OSServices.framework/Versions/A/OSServices
0x00007fff3e2b5000 	/System/Library/Frameworks/CoreServices.framework/Versions/A/Frameworks/SearchKit.framework/Versions/A/SearchKit
0x00007fff3dbf6000 	/System/Library/Frameworks/CoreServices.framework/Versions/A/Frameworks/AE.framework/Versions/A/AE
0x00007fff3dfb5000 	/System/Library/Frameworks/CoreServices.framework/Versions/A/Frameworks/LaunchServices.framework/Versions/A/LaunchServices
0x00007fff3df5e000 	/System/Library/Frameworks/CoreServices.framework/Versions/A/Frameworks/DictionaryServices.framework/Versions/A/DictionaryServices
0x00007fff3e31d000 	/System/Library/Frameworks/CoreServices.framework/Versions/A/Frameworks/SharedFileList.framework/Versions/A/SharedFileList
0x00007fff42ed6000 	/System/Library/Frameworks/NetFS.framework/Versions/A/NetFS
0x00007fff631c2000 	/System/Library/PrivateFrameworks/NetAuth.framework/Versions/A/NetAuth
0x00007fff700ad000 	/System/Library/PrivateFrameworks/login.framework/Versions/A/Frameworks/loginsupport.framework/Versions/A/loginsupport
0x00007fff6be5d000 	/System/Library/PrivateFrameworks/TCC.framework/Versions/A/TCC
0x00007fff545ab000 	/System/Library/PrivateFrameworks/CoreNLP.framework/Versions/A/CoreNLP
0x00007fff62753000 	/System/Library/PrivateFrameworks/MetadataUtilities.framework/Versions/A/MetadataUtilities
0x00007fff71ba8000 	/usr/lib/libmecabra.dylib
0x00007fff71b00000 	/usr/lib/libmecab.dylib
0x00007fff71760000 	/usr/lib/libgermantok.dylib
0x00007fff70a44000 	/usr/lib/libThaiTokenizer.dylib
0x00007fff70455000 	/usr/lib/libChineseTokenizer.dylib
0x00007fff3860c000 	/System/Library/Frameworks/Accelerate.framework/Versions/A/Frameworks/vImage.framework/Versions/A/vImage
0x00007fff398ae000 	/System/Library/Frameworks/Accelerate.framework/Versions/A/Frameworks/vecLib.framework/Versions/A/vecLib
0x00007fff397f2000 	/System/Library/Frameworks/Accelerate.framework/Versions/A/Frameworks/vecLib.framework/Versions/A/libvMisc.dylib
0x00007fff39618000 	/System/Library/Frameworks/Accelerate.framework/Versions/A/Frameworks/vecLib.framework/Versions/A/libvDSP.dylib
0x00007fff38c78000 	/System/Library/Frameworks/Accelerate.framework/Versions/A/Frameworks/vecLib.framework/Versions/A/libBLAS.dylib
0x00007fff391d2000 	/System/Library/Frameworks/Accelerate.framework/Versions/A/Frameworks/vecLib.framework/Versions/A/libLAPACK.dylib
0x00007fff39578000 	/System/Library/Frameworks/Accelerate.framework/Versions/A/Frameworks/vecLib.framework/Versions/A/libLinearAlgebra.dylib
0x00007fff39605000 	/System/Library/Frameworks/Accelerate.framework/Versions/A/Frameworks/vecLib.framework/Versions/A/libSparseBLAS.dylib
0x00007fff3958e000 	/System/Library/Frameworks/Accelerate.framework/Versions/A/Frameworks/vecLib.framework/Versions/A/libQuadrature.dylib
0x00007fff38ee1000 	/System/Library/Frameworks/Accelerate.framework/Versions/A/Frameworks/vecLib.framework/Versions/A/libBNNS.dylib
0x00007fff39594000 	/System/Library/Frameworks/Accelerate.framework/Versions/A/Frameworks/vecLib.framework/Versions/A/libSparse.dylib
0x00007fff61201000 	/System/Library/PrivateFrameworks/LanguageModeling.framework/Versions/A/LanguageModeling
0x00007fff53f4f000 	/System/Library/PrivateFrameworks/CoreEmoji.framework/Versions/A/CoreEmoji
0x00007fff6131e000 	/System/Library/PrivateFrameworks/LinguisticData.framework/Versions/A/LinguisticData
0x00007fff612cf000 	/System/Library/PrivateFrameworks/Lexicon.framework/Versions/A/Lexicon
0x00007fff70cfb000 	/usr/lib/libcmph.dylib
0x00007fff45aa6000 	/System/Library/Frameworks/OpenDirectory.framework/Versions/A/Frameworks/CFOpenDirectory.framework/Versions/A/CFOpenDirectory
0x00007fff45ac3000 	/System/Library/Frameworks/OpenDirectory.framework/Versions/A/OpenDirectory
0x00007fff4de22000 	/System/Library/PrivateFrameworks/APFS.framework/Versions/A/APFS
0x00007fff49195000 	/System/Library/Frameworks/SecurityFoundation.framework/Versions/A/SecurityFoundation
0x00007fff72d85000 	/usr/lib/libutil.dylib
0x00007fff55225000 	/System/Library/PrivateFrameworks/CoreServicesStore.framework/Versions/A/CoreServicesStore
0x00007fff49276000 	/System/Library/Frameworks/ServiceManagement.framework/Versions/A/ServiceManagement
0x00007fff51205000 	/System/Library/PrivateFrameworks/BackgroundTaskManagement.framework/Versions/A/BackgroundTaskManagement
0x00007fff72e82000 	/usr/lib/libxslt.1.dylib
0x00007fff500c8000 	/System/Library/PrivateFrameworks/AppleSystemInfo.framework/Versions/A/AppleSystemInfo
0x00007fff3f925000 	/System/Library/Frameworks/ImageIO.framework/Versions/A/Resources/libJPEG.dylib
0x00007fff3fbe4000 	/System/Library/Frameworks/ImageIO.framework/Versions/A/Resources/libTIFF.dylib
0x00007fff3fbc7000 	/System/Library/Frameworks/ImageIO.framework/Versions/A/Resources/libPng.dylib
0x00007fff3f866000 	/System/Library/Frameworks/ImageIO.framework/Versions/A/Resources/libGIF.dylib
0x00007fff3f86a000 	/System/Library/Frameworks/ImageIO.framework/Versions/A/Resources/libJP2.dylib
0x00007fff3fbe2000 	/System/Library/Frameworks/ImageIO.framework/Versions/A/Resources/libRadiance.dylib
0x00007fff71728000 	/usr/lib/libexpat.1.dylib
0x00007fff4fbc5000 	/System/Library/PrivateFrameworks/AppleJPEG.framework/Versions/A/AppleJPEG
0x00007fff5843d000 	/System/Library/PrivateFrameworks/FontServices.framework/libFontParser.dylib
0x00007fff6f108000 	/System/Library/PrivateFrameworks/WatchdogClient.framework/Versions/A/WatchdogClient
0x00007fff60894000 	/System/Library/PrivateFrameworks/IOAccelerator.framework/Versions/A/IOAccelerator
0x00007fff41f8f000 	/System/Library/Frameworks/MetalPerformanceShaders.framework/Versions/A/MetalPerformanceShaders
0x00007fff5d18a000 	/System/Library/PrivateFrameworks/GPUWrangler.framework/Versions/A/GPUWrangler
0x00007fff6089f000 	/System/Library/PrivateFrameworks/IOPresentment.framework/Versions/A/IOPresentment
0x00007fff55efd000 	/System/Library/PrivateFrameworks/DSExternalDisplay.framework/Versions/A/DSExternalDisplay
0x00007fff4642c000 	/System/Library/Frameworks/OpenGL.framework/Versions/A/Libraries/libCoreFSCache.dylib
0x00007fff41ce0000 	/System/Library/Frameworks/MetalPerformanceShaders.framework/Frameworks/MPSCore.framework/Versions/A/MPSCore
0x00007fff41d1d000 	/System/Library/Frameworks/MetalPerformanceShaders.framework/Frameworks/MPSImage.framework/Versions/A/MPSImage
0x00007fff41de0000 	/System/Library/Frameworks/MetalPerformanceShaders.framework/Frameworks/MPSNeuralNetwork.framework/Versions/A/MPSNeuralNetwork
0x00007fff41da4000 	/System/Library/Frameworks/MetalPerformanceShaders.framework/Frameworks/MPSMatrix.framework/Versions/A/MPSMatrix
0x00007fff41f40000 	/System/Library/Frameworks/MetalPerformanceShaders.framework/Frameworks/MPSRayIntersector.framework/Versions/A/MPSRayIntersector
0x00007fff41dca000 	/System/Library/Frameworks/MetalPerformanceShaders.framework/Frameworks/MPSNDArray.framework/Versions/A/MPSNDArray
0x00007fff627a0000 	/System/Library/PrivateFrameworks/MetalTools.framework/Versions/A/MetalTools
0x00007fff4ef01000 	/System/Library/PrivateFrameworks/AggregateDictionary.framework/Versions/A/AggregateDictionary
0x00007fff539e6000 	/System/Library/PrivateFrameworks/CoreAnalytics.framework/Versions/A/CoreAnalytics
0x00007fff4ffe6000 	/System/Library/PrivateFrameworks/AppleSauce.framework/Versions/A/AppleSauce
0x00007fff70710000 	/usr/lib/libIOReport.dylib
0x00007fff3e81e000 	/System/Library/Frameworks/CoreVideo.framework/Versions/A/CoreVideo
0x00007fff5e577000 	/System/Library/PrivateFrameworks/GraphVisualizer.framework/Versions/A/GraphVisualizer
0x00007fff579bf000 	/System/Library/PrivateFrameworks/FaceCore.framework/Versions/A/FaceCore
0x00007fff45a4d000 	/System/Library/Frameworks/OpenCL.framework/Versions/A/OpenCL
0x00007fff70532000 	/usr/lib/libFosl_dynamic.dylib
0x00007fff63bb8000 	/System/Library/PrivateFrameworks/OTSVG.framework/Versions/A/OTSVG
0x00007fff3a954000 	/System/Library/Frameworks/ApplicationServices.framework/Versions/A/Frameworks/ATS.framework/Versions/A/Resources/libFontRegistry.dylib
0x00007fff5860e000 	/System/Library/PrivateFrameworks/FontServices.framework/libhvf.dylib
0x00007fff46437000 	/System/Library/Frameworks/OpenGL.framework/Versions/A/Libraries/libGFXShared.dylib
0x00007fff46614000 	/System/Library/Frameworks/OpenGL.framework/Versions/A/Libraries/libGLU.dylib
0x00007fff46440000 	/System/Library/Frameworks/OpenGL.framework/Versions/A/Libraries/libGL.dylib
0x00007fff4644b000 	/System/Library/Frameworks/OpenGL.framework/Versions/A/Libraries/libGLImage.dylib
0x00007fff46429000 	/System/Library/Frameworks/OpenGL.framework/Versions/A/Libraries/libCVMSPluginSupport.dylib
0x00007fff46432000 	/System/Library/Frameworks/OpenGL.framework/Versions/A/Libraries/libCoreVMClient.dylib
0x00007fff72168000 	/usr/lib/libncurses.5.4.dylib
0x00007fff3a850000 	/System/Library/Frameworks/ApplicationServices.framework/Versions/A/Frameworks/ATS.framework/Versions/A/ATS
0x00007fff3aa1d000 	/System/Library/Frameworks/ApplicationServices.framework/Versions/A/Frameworks/ColorSyncLegacy.framework/Versions/A/ColorSyncLegacy
0x00007fff3aabc000 	/System/Library/Frameworks/ApplicationServices.framework/Versions/A/Frameworks/HIServices.framework/Versions/A/HIServices
0x00007fff3ab13000 	/System/Library/Frameworks/ApplicationServices.framework/Versions/A/Frameworks/LangAnalysis.framework/Versions/A/LangAnalysis
0x00007fff3ab22000 	/System/Library/Frameworks/ApplicationServices.framework/Versions/A/Frameworks/PrintCore.framework/Versions/A/PrintCore
0x00007fff3ab68000 	/System/Library/Frameworks/ApplicationServices.framework/Versions/A/Frameworks/QD.framework/Versions/A/QD
0x00007fff3ab73000 	/System/Library/Frameworks/ApplicationServices.framework/Versions/A/Frameworks/SpeechSynthesis.framework/Versions/A/SpeechSynthesis
0x00007fff3a9ed000 	/System/Library/Frameworks/ApplicationServices.framework/Versions/A/Frameworks/ATSUI.framework/Versions/A/ATSUI
0x00007fff715bc000 	/usr/lib/libcups.2.dylib
0x00007fff41048000 	/System/Library/Frameworks/Kerberos.framework/Versions/A/Kerberos
0x00007fff3f2fd000 	/System/Library/Frameworks/GSS.framework/Versions/A/GSS
0x00007fff728d6000 	/usr/lib/libresolv.9.dylib
0x00007fff5e718000 	/System/Library/PrivateFrameworks/Heimdal.framework/Versions/A/Heimdal
0x00007fff4105b000 	/System/Library/Frameworks/Kerberos.framework/Versions/A/Libraries/libHeimdalProxy.dylib
0x00007fff71766000 	/usr/lib/libheimdal-asn1.dylib
0x00007fff52eac000 	/System/Library/PrivateFrameworks/CommonAuth.framework/Versions/A/CommonAuth
0x00007fff50165000 	/System/Library/PrivateFrameworks/AssertionServices.framework/Versions/A/AssertionServices
0x00007fff50cfb000 	/System/Library/PrivateFrameworks/AudioToolboxCore.framework/Versions/A/AudioToolboxCore
0x00007fff6fd60000 	/System/Library/PrivateFrameworks/caulk.framework/Versions/A/caulk
0x00007fff512b1000 	/System/Library/PrivateFrameworks/BaseBoard.framework/Versions/A/BaseBoard
0x00007fff67c90000 	/System/Library/PrivateFrameworks/RunningBoardServices.framework/Versions/A/RunningBoardServices
0x00007fff64d83000 	/System/Library/PrivateFrameworks/PersistentConnection.framework/Versions/A/PersistentConnection
0x00007fff6769d000 	/System/Library/PrivateFrameworks/ProtocolBuffer.framework/Versions/A/ProtocolBuffer
0x00007fff52ec9000 	/System/Library/PrivateFrameworks/CommonUtilities.framework/Versions/A/CommonUtilities
0x00007fff51430000 	/System/Library/PrivateFrameworks/Bom.framework/Versions/A/Bom
0x00007fff703e1000 	/usr/lib/libAudioToolboxUtility.dylib
0x00007fff5120f000 	/System/Library/PrivateFrameworks/Backup.framework/Versions/A/Backup
0x00007fff55c6c000 	/System/Library/PrivateFrameworks/CrashReporterSupport.framework/Versions/A/CrashReporterSupport
0x00007fff69719000 	/System/Library/PrivateFrameworks/Sharing.framework/Versions/A/Sharing
0x00007fff4f912000 	/System/Library/PrivateFrameworks/Apple80211.framework/Versions/A/Apple80211
0x00007fff50f37000 	/System/Library/PrivateFrameworks/AuthKit.framework/Versions/A/AuthKit
0x00007fff5599a000 	/System/Library/PrivateFrameworks/CoreUtils.framework/Versions/A/CoreUtils
0x00007fff3e863000 	/System/Library/Frameworks/CoreWLAN.framework/Versions/A/CoreWLAN
0x00007fff3f466000 	/System/Library/Frameworks/IOBluetooth.framework/Versions/A/IOBluetooth
0x00007fff62a9e000 	/System/Library/PrivateFrameworks/MobileKeyBag.framework/Versions/A/MobileKeyBag
0x00007fff54a7b000 	/System/Library/PrivateFrameworks/CorePhoneNumbers.framework/Versions/A/CorePhoneNumbers
0x00007fff4fb78000 	/System/Library/PrivateFrameworks/AppleIDAuthSupport.framework/Versions/A/AppleIDAuthSupport
0x00007fff42ee3000 	/System/Library/Frameworks/Network.framework/Versions/A/Network
0x00007fff6108a000 	/System/Library/PrivateFrameworks/KeychainCircle.framework/Versions/A/KeychainCircle
0x00007fff3c2f0000 	/System/Library/Frameworks/CoreBluetooth.framework/Versions/A/CoreBluetooth
0x00007fff6b373000 	/System/Library/PrivateFrameworks/SpeechRecognitionCore.framework/Versions/A/SpeechRecognitionCore
0x0000000107800000 	/Applications/Katalon Studio.app/Contents/Eclipse/jre/Contents/Home/jre/lib/server/libjvm.dylib
0x00007fff72c5a000 	/usr/lib/libstdc++.6.dylib
0x0000000105e33000 	/Applications/Katalon Studio.app/Contents/Eclipse/jre/Contents/Home/jre/lib/libverify.dylib
0x0000000105e41000 	/Applications/Katalon Studio.app/Contents/Eclipse/jre/Contents/Home/jre/lib/libjava.dylib
0x0000000105ec1000 	/Applications/Katalon Studio.app/Contents/Eclipse/jre/Contents/Home/jre/lib/libzip.dylib
0x0000000111d58000 	/Applications/Katalon Studio.app/Contents/Eclipse/jre/Contents/Home/jre/lib/libnio.dylib
0x0000000111d68000 	/Applications/Katalon Studio.app/Contents/Eclipse/jre/Contents/Home/jre/lib/libnet.dylib
0x0000000112f35000 	/Applications/Katalon Studio.app/Contents/Eclipse/jre/Contents/Home/jre/lib/libawt.dylib
0x0000000112fdf000 	/Applications/Katalon Studio.app/Contents/Eclipse/jre/Contents/Home/jre/lib/libmlib_image.dylib
0x00007fff41031000 	/System/Library/Frameworks/JavaVM.framework/Versions/A/Frameworks/JavaNativeFoundation.framework/Versions/A/JavaNativeFoundation
0x00007fff4103a000 	/System/Library/Frameworks/JavaVM.framework/Versions/A/Frameworks/JavaRuntimeSupport.framework/Versions/A/JavaRuntimeSupport
0x00007fff41043000 	/System/Library/Frameworks/JavaVM.framework/Versions/A/JavaVM
0x00007fff60eec000 	/System/Library/PrivateFrameworks/JavaLaunching.framework/Versions/A/JavaLaunching
0x00007fff3b3c5000 	/System/Library/Frameworks/Carbon.framework/Versions/A/Carbon
0x00007fff5574e000 	/System/Library/PrivateFrameworks/CoreSymbolication.framework/Versions/A/CoreSymbolication
0x00007fff3b3c6000 	/System/Library/Frameworks/Carbon.framework/Versions/A/Frameworks/CommonPanels.framework/Versions/A/CommonPanels
0x00007fff3b6bf000 	/System/Library/Frameworks/Carbon.framework/Versions/A/Frameworks/Help.framework/Versions/A/Help
0x00007fff3b6c3000 	/System/Library/Frameworks/Carbon.framework/Versions/A/Frameworks/ImageCapture.framework/Versions/A/ImageCapture
0x00007fff3b6ca000 	/System/Library/Frameworks/Carbon.framework/Versions/A/Frameworks/OpenScripting.framework/Versions/A/OpenScripting
0x00007fff3b6c9000 	/System/Library/Frameworks/Carbon.framework/Versions/A/Frameworks/Ink.framework/Versions/A/Ink
0x00007fff3b705000 	/System/Library/Frameworks/Carbon.framework/Versions/A/Frameworks/Print.framework/Versions/A/Print
0x00007fff3b706000 	/System/Library/Frameworks/Carbon.framework/Versions/A/Frameworks/SecurityHI.framework/Versions/A/SecurityHI
0x00007fff56032000 	/System/Library/PrivateFrameworks/DebugSymbols.framework/Versions/A/DebugSymbols
0x00000001130ab000 	/Applications/Katalon Studio.app/Contents/Eclipse/jre/Contents/Home/jre/lib/libawt_lwawt.dylib
0x000000011256a000 	/Applications/Katalon Studio.app/Contents/Eclipse/jre/Contents/Home/jre/lib/libosxapp.dylib
0x00007fff3ed70000 	/System/Library/Frameworks/ExceptionHandling.framework/Versions/A/ExceptionHandling
0x00007fff551f1000 	/System/Library/PrivateFrameworks/CoreServicesInternal.framework/Versions/A/CoreServicesInternal
0x00007fff3ed8f000 	/System/Library/Frameworks/FileProvider.framework/Versions/A/FileProvider
0x00007fff398af000 	/System/Library/Frameworks/Accounts.framework/Versions/A/Accounts
0x00007fff5d4aa000 	/System/Library/PrivateFrameworks/GenerationalStorage.framework/Versions/A/GenerationalStorage
0x00007fff6bba0000 	/System/Library/PrivateFrameworks/SymptomDiagnosticReporter.framework/Versions/A/SymptomDiagnosticReporter
0x00007fff4f40f000 	/System/Library/PrivateFrameworks/AppContainer.framework/Versions/A/AppContainer
0x00007fff728f0000 	/usr/lib/libsandbox.1.dylib
0x00007fff6e0ac000 	/System/Library/PrivateFrameworks/UserManagement.framework/Versions/A/UserManagement
0x00007fff51fd7000 	/System/Library/PrivateFrameworks/ChunkingLibrary.framework/Versions/A/ChunkingLibrary
0x00007fff4f480000 	/System/Library/PrivateFrameworks/AppSandbox.framework/Versions/A/AppSandbox
0x00007fff695ce000 	/System/Library/PrivateFrameworks/SecCodeWrapper.framework/Versions/A/SecCodeWrapper
0x00007fff707f6000 	/usr/lib/libMatch.1.dylib
0x00007fff2fde4000 	/System/Library/CoreServices/RawCamera.bundle/Contents/MacOS/RawCamera
0x00007fff628c8000 	/System/Library/PrivateFrameworks/MobileAsset.framework/Versions/A/MobileAsset
0x00007fff6ba4e000 	/System/Library/PrivateFrameworks/StreamingZip.framework/Versions/A/StreamingZip
0x00007fff414bf000 	/System/Library/Frameworks/MediaToolbox.framework/Versions/A/MediaToolbox
0x00007fff53996000 	/System/Library/PrivateFrameworks/CoreAVCHD.framework/Versions/A/CoreAVCHD
0x00007fff413ec000 	/System/Library/Frameworks/MediaAccessibility.framework/Versions/A/MediaAccessibility
0x00007fff61cbc000 	/System/Library/PrivateFrameworks/Mangrove.framework/Versions/A/Mangrove
0x00007fff3da31000 	/System/Library/Frameworks/CoreMedia.framework/Versions/A/CoreMedia
0x00007fff61f17000 	/System/Library/PrivateFrameworks/MediaExperience.framework/Versions/A/MediaExperience
0x00007fff4a34a000 	/System/Library/Frameworks/VideoToolbox.framework/Versions/A/VideoToolbox
0x00007fff535c0000 	/System/Library/PrivateFrameworks/CoreAUC.framework/Versions/A/CoreAUC
0x00007fff72947000 	/usr/lib/libspindump.dylib
0x00007fff506a6000 	/System/Library/PrivateFrameworks/AudioResourceArbitration.framework/Versions/A/AudioResourceArbitration
0x00007fff500cc000 	/System/Library/PrivateFrameworks/AppleVA.framework/Versions/A/AppleVA
0x00007fff385f5000 	/System/Library/Frameworks/Accelerate.framework/Versions/A/Frameworks/vImage.framework/Versions/A/Libraries/libCGInterfaces.dylib
0x0000000111dae000 	/usr/lib/libobjc-trampolines.dylib
0x00007fff58575000 	/System/Library/PrivateFrameworks/FontServices.framework/libTrueTypeScaler.dylib
0x00007fff30036000 	/System/Library/Extensions/AMDMTLBronzeDriver.bundle/Contents/MacOS/AMDMTLBronzeDriver
0x00007fff6088a000 	/System/Library/PrivateFrameworks/IOAccelMemoryInfo.framework/Versions/A/IOAccelMemoryInfo
0x00007fff3559e000 	/System/Library/Extensions/AppleIntelKBLGraphicsMTLDriver.bundle/Contents/MacOS/AppleIntelKBLGraphicsMTLDriver
0x00007fff5bae2000 	/System/Library/PrivateFrameworks/GPUCompiler.framework/Versions/3902/Libraries/libmetal_timestamp.dylib
0x00007fff57dea000 	/System/Library/PrivateFrameworks/FamilyControls.framework/Versions/A/FamilyControls
0x00007fff52ea0000 	/System/Library/PrivateFrameworks/CommerceKit.framework/Versions/A/Frameworks/CommerceCore.framework/Versions/A/CommerceCore
0x00007fff6bc1a000 	/System/Library/PrivateFrameworks/SystemAdministration.framework/Versions/A/SystemAdministration
0x00007fff563d7000 	/System/Library/PrivateFrameworks/DiskManagement.framework/Versions/A/DiskManagement
0x00007fff3eaba000 	/System/Library/Frameworks/DirectoryService.framework/Versions/A/DirectoryService
0x00007fff5630e000 	/System/Library/PrivateFrameworks/DiskImages.framework/Versions/A/DiskImages
0x00007fff613c6000 	/System/Library/PrivateFrameworks/LoginUIKit.framework/Versions/A/Frameworks/LoginUICore.framework/Versions/A/LoginUICore
0x00007fff70460000 	/usr/lib/libCoreStorage.dylib
0x00007fff715a9000 	/usr/lib/libcsfde.dylib
0x00007fff72808000 	/usr/lib/libodfde.dylib
0x00007fff61fa2000 	/System/Library/PrivateFrameworks/MediaKit.framework/Versions/A/MediaKit
0x00007fff3eac6000 	/System/Library/Frameworks/DiscRecording.framework/Versions/A/DiscRecording
0x00007fff56585000 	/System/Library/PrivateFrameworks/EFILogin.framework/Versions/A/EFILogin
0x00007fff67642000 	/System/Library/PrivateFrameworks/ProtectedCloudStorage.framework/Versions/A/ProtectedCloudStorage
0x00007fff7161d000 	/usr/lib/libcurl.4.dylib
0x00007fff714a2000 	/usr/lib/libcrypto.44.dylib
0x00007fff72c2a000 	/usr/lib/libssl.46.dylib
0x00007fff4105c000 	/System/Library/Frameworks/LDAP.framework/Versions/A/LDAP
0x00007fff6c58c000 	/System/Library/PrivateFrameworks/TrustEvaluationAgent.framework/Versions/A/TrustEvaluationAgent
0x00007fff72934000 	/usr/lib/libsasl2.2.dylib
0x00007fff53ccd000 	/System/Library/PrivateFrameworks/CoreDaemon.framework/Versions/B/CoreDaemon
0x00007fff4ffe1000 	/System/Library/PrivateFrameworks/AppleSRP.framework/Versions/A/AppleSRP
0x00007fff6ee7a000 	/System/Library/PrivateFrameworks/ViewBridge.framework/Versions/A/ViewBridge
0x00007fff700b0000 	/System/Library/PrivateFrameworks/login.framework/Versions/A/login
0x0000000113f9d000 	/Applications/Katalon Studio.app/Contents/Eclipse/jre/Contents/Home/jre/lib/libjpeg.dylib
0x00007fff47090000 	/System/Library/Frameworks/OpenGL.framework/Versions/A/Resources/GLEngine.bundle/GLEngine
0x00007fff46481000 	/System/Library/Frameworks/OpenGL.framework/Versions/A/Libraries/libGLProgrammability.dylib
0x00007fff34775000 	/System/Library/Extensions/AppleIntelKBLGraphicsGLDriver.bundle/Contents/MacOS/AppleIntelKBLGraphicsGLDriver
0x00007fff5d17e000 	/System/Library/PrivateFrameworks/GPUSupport.framework/Versions/A/Libraries/libGPUSupportMercury.dylib
0x0000000124c0f000 	/System/Library/Extensions/AMDRadeonX4000GLDriver.bundle/Contents/MacOS/AMDRadeonX4000GLDriver
0x00007fff30152000 	/System/Library/Extensions/AMDRadeonX4000GLDriver.bundle/Contents/MacOS/ATIRadeonX4000SCLib.dylib
0x00007fff4720a000 	/System/Library/Frameworks/OpenGL.framework/Versions/A/Resources/GLRendererFloat.bundle/GLRendererFloat
0x00007fff45a44000 	/System/Library/Frameworks/OpenCL.framework/Versions/A/Libraries/libcldcpuengine.dylib
0x00007fff711a1000 	/usr/lib/libcrypto.35.dylib
0x0000000113383000 	/private/var/folders/0s/4_d154xd6dq7wdcqcr30yyqw0000gp/T/jna-34753427/jna3719581106391231894.tmp
0x0000000126418000 	/usr/local/Cellar/tesseract/4.1.1/lib/libtesseract.4.dylib
0x0000000126a80000 	/usr/local/opt/leptonica/lib/liblept.5.dylib
0x000000011400c000 	/usr/local/opt/libpng/lib/libpng16.16.dylib
0x0000000125124000 	/usr/local/opt/jpeg/lib/libjpeg.9.dylib
0x000000011206b000 	/usr/local/opt/giflib/lib/libgif.dylib
0x0000000125607000 	/usr/local/opt/libtiff/lib/libtiff.5.dylib
0x0000000112103000 	/usr/local/opt/webp/lib/libwebpmux.3.dylib
0x00000001257dd000 	/usr/local/opt/webp/lib/libwebp.7.dylib
0x0000000125674000 	/usr/local/opt/openjpeg/lib/libopenjp2.7.dylib

VM Arguments:
jvm_args: -Dgroovy.home=/Applications/Katalon Studio.app/Contents/Eclipse/plugins/org.codehaus.groovy_2.4.7.xx-201611170128-e46/ -Xmx1820m -Dfile.encoding=UTF-8 
java_command: org.codehaus.groovy.tools.GroovyStarter --classpath /Users/chaidir.pratama01/Katalon Studio/OCR/Include/scripts/groovy:/Users/chaidir.pratama01/Katalon Studio/OCR/Keywords:/Users/chaidir.pratama01/Katalon Studio/OCR/Libs:/Users/chaidir.pratama01/Katalon Studio/OCR/Test Listeners:/Applications/Katalon Studio.app/Contents/Eclipse/configuration/resources/lib/aspectjweaver-1.9.1.jar:/Applications/Katalon Studio.app/Contents/Eclipse/configuration/resources/lib/bcpkix-jdk15on-1.58.jar:/Applications/Katalon Studio.app/Contents/Eclipse/configuration/resources/lib/bcprov-jdk15on-1.58.jar:/Applications/Katalon Studio.app/Contents/Eclipse/configuration/resources/lib/browsermob-core-2.1.5.jar:/Applications/Katalon Studio.app/Contents/Eclipse/configuration/resources/lib/cglib-3.2.10.jar:/Applications/Katalon Studio.app/Contents/Eclipse/configuration/resources/lib/commons-validator-1.6.jar:/Applications/Katalon Studio.app/Contents/Eclipse/configuration/resources/lib/dnsjava-2.1.8.jar:/Applications/Katalon Studio.app/Contents/Eclipse/configuration/resources/lib/java-client-7.0.0.jar:/Applications/Katalon Studio.app/Contents/Eclipse/configuration/resources/lib/jna-4.1.0.jar:/Applications/Katalon Studio.app/Contents/Eclipse/configuration/resources/lib/jna-platform-4.1.0.jar:/Applications/Katalon Studio.app/Contents/Eclipse/configuration/resources/lib/jzlib-1.1.3.jar:/Applications/Katalon Studio.app/Contents/Eclipse/configuration/resources/lib/kat-server.jar:/Applications/Katalon Studio.app/Contents/Eclipse/configuration/resources/lib/littleproxy-1.1.0-beta-bmp-17.jar:/Applications/Katalon Studio.app/Contents/Eclipse/configuration/resources/lib/mitm-2.1.5.jar:/Applications/Katalon Studio.app/Contents/Eclipse/configuration/resources/lib/netty-all-4.0.51.Final.jar:/Applications/Katalon Studio.app/Contents/Eclipse/configuration/resources/lib/repackaged-sikuli-api-1.0.2-standalone.jar:/Applications/Katalon Studio.app/Contents/Eclipse/configuration/resources/lib/selenium-l
java_class_path (initial): /Users/chaidir.pratama01/Katalon Studio/OCR/bin/keyword:/Users/chaidir.pratama01/Katalon Studio/OCR/bin/listener:/Users/chaidir.pratama01/Katalon Studio/OCR/bin/lib:/Users/chaidir.pratama01/Katalon Studio/OCR/bin/groovy:/Users/chaidir.pratama01/Katalon Studio/OCR/bin:/Applications/Katalon Studio.app/Contents/Eclipse/plugins/com.kms.katalon.core_1.0.0.201908270734.jar:/Applications/Katalon Studio.app/Contents/Eclipse/configuration/resources/lib/testng-6.11.jar:/Applications/Katalon Studio.app/Contents/Eclipse/configuration/resources/lib/netty-all-4.0.51.Final.jar:/Applications/Katalon Studio.app/Contents/Eclipse/configuration/resources/lib/mitm-2.1.5.jar:/Applications/Katalon Studio.app/Contents/Eclipse/configuration/resources/lib/repackaged-sikuli-api-1.0.2-standalone.jar:/Applications/Katalon Studio.app/Contents/Eclipse/configuration/resources/lib/selenium-server-standalone-3.141.59.jar:/Applications/Katalon Studio.app/Contents/Eclipse/configuration/resources/lib/browsermob-core-2.1.5.jar:/Applications/Katalon Studio.app/Contents/Eclipse/configuration/resources/lib/slf4j-api-1.7.25.jar:/Applications/Katalon Studio.app/Contents/Eclipse/configuration/resources/lib/cglib-3.2.10.jar:/Applications/Katalon Studio.app/Contents/Eclipse/configuration/resources/lib/spring-context-5.1.0.RELEASE.jar:/Applications/Katalon Studio.app/Contents/Eclipse/configuration/resources/lib/java-client-7.0.0.jar:/Applications/Katalon Studio.app/Contents/Eclipse/configuration/resources/lib/jzlib-1.1.3.jar:/Applications/Katalon Studio.app/Contents/Eclipse/configuration/resources/lib/commons-validator-1.6.jar:/Applications/Katalon Studio.app/Contents/Eclipse/configuration/resources/lib/selenium-leg-rc-3.141.59.jar:/Applications/Katalon Studio.app/Contents/Eclipse/configuration/resources/lib/kat-server.jar:/Applications/Katalon Studio.app/Contents/Eclipse/configuration/resources/lib/jna-platform-4.1.0.jar:/Applications/Katalon Studio.app/Contents/Eclipse/configuratio
Launcher Type: SUN_STANDARD

Environment Variables:
PATH=/usr/bin:/bin:/usr/sbin:/sbin
SHELL=/bin/bash

Signal Handlers:
SIGSEGV: [libjvm.dylib+0x5b6029], sa_mask[0]=11111111011111110111111111111111, sa_flags=SA_ONSTACK|SA_RESTART|SA_SIGINFO
SIGBUS: [libjvm.dylib+0x5b6029], sa_mask[0]=11111111011111110111111111111111, sa_flags=SA_RESTART|SA_SIGINFO
SIGFPE: [libjvm.dylib+0x48b934], sa_mask[0]=11111111011111110111111111111111, sa_flags=SA_RESTART|SA_SIGINFO
SIGPIPE: [libjvm.dylib+0x48b934], sa_mask[0]=11111111011111110111111111111111, sa_flags=SA_RESTART|SA_SIGINFO
SIGXFSZ: [libjvm.dylib+0x48b934], sa_mask[0]=11111111011111110111111111111111, sa_flags=SA_RESTART|SA_SIGINFO
SIGILL: [libjvm.dylib+0x48b934], sa_mask[0]=11111111011111110111111111111111, sa_flags=SA_RESTART|SA_SIGINFO
SIGUSR1: SIG_DFL, sa_mask[0]=00000000000000000000000000000000, sa_flags=none
SIGUSR2: [libjvm.dylib+0x48b452], sa_mask[0]=00100000000000000000000000000000, sa_flags=SA_RESTART|SA_SIGINFO
SIGHUP: [libjvm.dylib+0x489a1d], sa_mask[0]=11111111011111110111111111111111, sa_flags=SA_RESTART|SA_SIGINFO
SIGINT: [libjvm.dylib+0x489a1d], sa_mask[0]=11111111011111110111111111111111, sa_flags=SA_RESTART|SA_SIGINFO
SIGTERM: [libjvm.dylib+0x489a1d], sa_mask[0]=11111111011111110111111111111111, sa_flags=SA_RESTART|SA_SIGINFO
SIGQUIT: [libjvm.dylib+0x489a1d], sa_mask[0]=11111111011111110111111111111111, sa_flags=SA_RESTART|SA_SIGINFO


---------------  S Y S T E M  ---------------

OS:Bsduname:Darwin 19.0.0 Darwin Kernel Version 19.0.0: Wed Sep 25 20:18:50 PDT 2019; root:xnu-6153.11.26~2/RELEASE_X86_64 x86_64
rlimit: STACK 8192k, CORE 0k, NPROC 2784, NOFILE 10240, AS infinity
load average:1.67 1.54 1.45

CPU:total 12 (initial active 12) (6 cores per cpu, 2 threads per core) family 6 model 158 stepping 10, cmov, cx8, fxsr, mmx, sse, sse2, sse3, ssse3, sse4.1, sse4.2, popcnt, avx, avx2, aes, clmul, erms, rtm, 3dnowpref, lzcnt, ht, tsc, tscinvbit, bmi1, bmi2, adx

Memory: 4k page, physical 16777216k(25560k free)

/proc/meminfo:


vm_info: Java HotSpot(TM) 64-Bit Server VM (25.181-b13) for bsd-amd64 JRE (1.8.0_181-b13), built on Jul  7 2018 01:02:31 by "java_re" with gcc 4.2.1 (Based on Apple Inc. build 5658) (LLVM build 2336.11.00)

time: Mon Mar  9 16:42:08 2020
elapsed time: 10 seconds (0d 0h 0m 10s)

