#
# A fatal error has been detected by the Java Runtime Environment:
#
#  SIGSEGV (0xb) at pc=0x0000000121809a6b, pid=84504, tid=0x0000000000000e03
#
# JRE version: Java(TM) SE Runtime Environment (8.0_181-b13) (build 1.8.0_181-b13)
# Java VM: Java HotSpot(TM) 64-Bit Server VM (25.181-b13 mixed mode bsd-amd64 compressed oops)
# Problematic frame:
# C  [libtesseract.4.dylib+0x17a6b]  tesseract::Tesseract::recog_all_words(PAGE_RES*, ETEXT_DESC*, TBOX const*, char const*, int)+0xaf
#
# Failed to write core dump. Core dumps have been disabled. To enable core dumping, try "ulimit -c unlimited" before starting Java again
#
# If you would like to submit a bug report, please visit:
#   http://bugreport.java.com/bugreport/crash.jsp
# The crash happened outside the Java Virtual Machine in native code.
# See problematic frame for where to report the bug.
#

---------------  T H R E A D  ---------------

Current thread (0x00007fda2d001000):  JavaThread "main" [_thread_in_native, id=3587, stack(0x000070000a52d000,0x000070000a62d000)]

siginfo: si_signo: 11 (SIGSEGV), si_code: 1 (SEGV_MAPERR), si_addr: 0x000000000000000c

Registers:
RAX=0x0000000000000000, RBX=0x00007fda33d172e0, RCX=0x0000000000000000, RDX=0x00007fda33d3ad90
RSP=0x000070000a627b00, RBP=0x000070000a627cc0, RSI=0x0000000000000000, RDI=0x000070000a627bb8
R8 =0x0000000000000000, R9 =0x0000000000000000, R10=0x00000000ffffe0ff, R11=0xfffffffffff64170
R12=0x0000000000000000, R13=0x000000011feb4000, R14=0x0000000000000000, R15=0x0000000000000000
RIP=0x0000000121809a6b, EFLAGS=0x0000000000010246, ERR=0x0000000000000004
  TRAPNO=0x000000000000000e

Top of Stack: (sp=0x000070000a627b00)
0x000070000a627b00:   00007fda33d31740 00007fda33d172e0
0x000070000a627b10:   0000000000000000 0000000000000000
0x000070000a627b20:   0000000000000000 00007fda33d31f30
0x000070000a627b30:   00007fda33d24210 00007fda33d01e50
0x000070000a627b40:   00007fda33d3c8a0 00007fda33d3ad90
0x000070000a627b50:   00007fda33d01e50 00007fda33d172e8
0x000070000a627b60:   00007fda33d01e50 00007fda33d01e50
0x000070000a627b70:   00007fda33d01e50 00007fda33d01e50
0x000070000a627b80:   00007fda33000000 00007fda33d01e78
0x000070000a627b90:   00007fda33d24210 00007fda33d3ad90
0x000070000a627ba0:   00007fda33d44310 00007fda33d24210
0x000070000a627bb0:   000070000a010000 00007fda33d3adb0
0x000070000a627bc0:   00007fda33d3c8a0 00007fda33d3adc0
0x000070000a627bd0:   00007fda33d3cb70 00007fda33d3c8a0
0x000070000a627be0:   000070000a010000 00007fda33d24230
0x000070000a627bf0:   00007fda33d39890 00007fda33d31f30
0x000070000a627c00:   00007fda33d17340 00007fda33d31f30
0x000070000a627c10:   0000000000000000 00007fda33d3adb0
0x000070000a627c20:   00007fda33d43530 00007fda33d3c8a0
0x000070000a627c30:   00007fda33d3adc0 00007fda33d3c8a0
0x000070000a627c40:   000070000a000000 00000001217f49a5
0x000070000a627c50:   00007fda2e8b3a30 00000001219a3754
0x000070000a627c60:   000000011feb4150 00007fda2ccf09d0
0x000070000a627c70:   00007fda2ccf09d0 000000011feb4000
0x000070000a627c80:   0000000000000000 0000000000000000
0x000070000a627c90:   00007fda33d172e0 000070000a627d01
0x000070000a627ca0:   00007fda2ccf09d0 000000011feb4000
0x000070000a627cb0:   00000000ffffffff 0000000000000000
0x000070000a627cc0:   000070000a627d30 00000001217f6647
0x000070000a627cd0:   000070000a627d50 0000000107375040
0x000070000a627ce0:   000070000a627d50 0000000107375040
0x000070000a627cf0:   0000000000000016 0000000000000000 

Instructions: (pc=0x0000000121809a6b)
0x0000000121809a4b:   e8 40 fa 11 00 41 83 bd 08 14 00 00 00 7e 0a 4c
0x0000000121809a5b:   89 ef e8 e6 97 0b 00 eb 15 49 8b 85 b0 09 00 00
0x0000000121809a6b:   80 78 0c 00 74 08 4c 89 ef e8 43 98 0b 00 41 83
0x0000000121809a7b:   bd d8 44 02 00 00 7e 3e 31 db 49 8b 85 e0 44 02 

Register to memory mapping:

RAX=0x0000000000000000 is an unknown value
RBX=0x00007fda33d172e0 is an unknown value
RCX=0x0000000000000000 is an unknown value
RDX=0x00007fda33d3ad90 is an unknown value
RSP=0x000070000a627b00 is pointing into the stack for thread: 0x00007fda2d001000
RBP=0x000070000a627cc0 is pointing into the stack for thread: 0x00007fda2d001000
RSI=0x0000000000000000 is an unknown value
RDI=0x000070000a627bb8 is pointing into the stack for thread: 0x00007fda2d001000
R8 =0x0000000000000000 is an unknown value
R9 =0x0000000000000000 is an unknown value
R10=0x00000000ffffe0ff is an unknown value
R11=0xfffffffffff64170 is an unknown value
R12=0x0000000000000000 is an unknown value
R13=0x000000011feb4000 is an unknown value
R14=0x0000000000000000 is an unknown value
R15=0x0000000000000000 is an unknown value


Stack: [0x000070000a52d000,0x000070000a62d000],  sp=0x000070000a627b00,  free space=1002k
Native frames: (J=compiled Java code, j=interpreted, Vv=VM code, C=native code)
C  [libtesseract.4.dylib+0x17a6b]  tesseract::Tesseract::recog_all_words(PAGE_RES*, ETEXT_DESC*, TBOX const*, char const*, int)+0xaf
C  [libtesseract.4.dylib+0x4647]  tesseract::TessBaseAPI::Recognize(ETEXT_DESC*)+0x379
C  [libtesseract.4.dylib+0x35e5]  tesseract::TessBaseAPI::GetUTF8Text()+0x2b
C  [jna1553770292351912719.tmp+0xd94c]  ffi_call_unix64+0x4c
C  0x000070000a6287f0

Java frames: (J=compiled Java code, j=interpreted, Vv=VM code)
j  com.sun.jna.Native.invokePointer(JI[Ljava/lang/Object;)J+0
j  com.sun.jna.Function.invokePointer(I[Ljava/lang/Object;)Lcom/sun/jna/Pointer;+6
j  com.sun.jna.Function.invoke([Ljava/lang/Object;Ljava/lang/Class;Z)Ljava/lang/Object;+426
j  com.sun.jna.Function.invoke(Ljava/lang/Class;[Ljava/lang/Object;Ljava/util/Map;)Ljava/lang/Object;+262
j  com.sun.jna.Library$Handler.invoke(Ljava/lang/Object;Ljava/lang/reflect/Method;[Ljava/lang/Object;)Ljava/lang/Object;+316
j  com.sun.proxy.$Proxy12.TessBaseAPIGetUTF8Text(Lnet/sourceforge/tess4j/ITessAPI$TessBaseAPI;)Lcom/sun/jna/Pointer;+16
j  net.sourceforge.tess4j.Tesseract.getOCRText(Ljava/lang/String;I)Ljava/lang/String;+62
j  net.sourceforge.tess4j.Tesseract.doOCR(Ljava/util/List;Ljava/lang/String;Ljava/awt/Rectangle;)Ljava/lang/String;+69
j  net.sourceforge.tess4j.Tesseract.doOCR(Ljava/util/List;Ljava/awt/Rectangle;)Ljava/lang/String;+4
j  net.sourceforge.tess4j.Tesseract.doOCR(Ljava/awt/image/BufferedImage;Ljava/awt/Rectangle;)Ljava/lang/String;+6
j  net.sourceforge.tess4j.Tesseract.doOCR(Ljava/awt/image/BufferedImage;)Ljava/lang/String;+3
j  net.sourceforge.tess4j.ITesseract$doOCR$0.call(Ljava/lang/Object;[Ljava/lang/Object;)Ljava/lang/Object;+19
j  org.codehaus.groovy.runtime.callsite.CallSiteArray.defaultCall(Lorg/codehaus/groovy/runtime/callsite/CallSite;Ljava/lang/Object;[Ljava/lang/Object;)Ljava/lang/Object;+8
j  org.codehaus.groovy.runtime.callsite.AbstractCallSite.call(Ljava/lang/Object;[Ljava/lang/Object;)Ljava/lang/Object;+3
j  org.codehaus.groovy.runtime.callsite.AbstractCallSite.call(Ljava/lang/Object;Ljava/lang/Object;)Ljava/lang/Object;+33
j  testOCR_UnclearImage.OCR_Unclear_Image.processImg(Ljava/awt/image/BufferedImage;FF)V+258
j  testOCR_UnclearImage.OCR_Unclear_Image$processImg.callStatic(Ljava/lang/Class;[Ljava/lang/Object;)Ljava/lang/Object;+27
j  org.codehaus.groovy.runtime.callsite.CallSiteArray.defaultCallStatic(Lorg/codehaus/groovy/runtime/callsite/CallSite;Ljava/lang/Class;[Ljava/lang/Object;)Ljava/lang/Object;+8
j  org.codehaus.groovy.runtime.callsite.AbstractCallSite.callStatic(Ljava/lang/Class;[Ljava/lang/Object;)Ljava/lang/Object;+3
j  org.codehaus.groovy.runtime.callsite.AbstractCallSite.callStatic(Ljava/lang/Class;Ljava/lang/Object;Ljava/lang/Object;Ljava/lang/Object;)Ljava/lang/Object;+42
j  testOCR_UnclearImage.OCR_Unclear_Image.readimg()Ljava/lang/Object;+829
v  ~StubRoutines::call_stub
j  sun.reflect.NativeMethodAccessorImpl.invoke0(Ljava/lang/reflect/Method;Ljava/lang/Object;[Ljava/lang/Object;)Ljava/lang/Object;+0
j  sun.reflect.NativeMethodAccessorImpl.invoke(Ljava/lang/Object;[Ljava/lang/Object;)Ljava/lang/Object;+100
j  sun.reflect.DelegatingMethodAccessorImpl.invoke(Ljava/lang/Object;[Ljava/lang/Object;)Ljava/lang/Object;+6
j  java.lang.reflect.Method.invoke(Ljava/lang/Object;[Ljava/lang/Object;)Ljava/lang/Object;+56
j  cucumber.runtime.Utils$1.call()Ljava/lang/Object;+28
j  cucumber.runtime.Timeout.timeout(Lcucumber/runtime/Timeout$Callback;J)Ljava/lang/Object;+7
j  cucumber.runtime.Utils.invoke(Ljava/lang/Object;Ljava/lang/reflect/Method;J[Ljava/lang/Object;)Ljava/lang/Object;+20
j  cucumber.runtime.java.JavaStepDefinition.execute(Ljava/lang/String;[Ljava/lang/Object;)V+25
j  cucumber.runtime.PickleStepDefinitionMatch.runStep(Ljava/lang/String;Lcucumber/api/Scenario;)V+157
j  cucumber.runner.TestStep.executeStep(Ljava/lang/String;Lcucumber/api/Scenario;Z)Lcucumber/api/Result$Type;+10
j  cucumber.runner.TestStep.run(Lcucumber/runner/EventBus;Ljava/lang/String;Lcucumber/api/Scenario;Z)Lcucumber/api/Result;+28
j  cucumber.runner.PickleStepTestStep.run(Lcucumber/runner/EventBus;Ljava/lang/String;Lcucumber/api/Scenario;Z)Lcucumber/api/Result;+100
j  cucumber.runner.TestCase.run(Lcucumber/runner/EventBus;)V+172
j  cucumber.runner.Runner.runPickle(Lgherkin/events/PickleEvent;)V+15
j  cucumber.runtime.Runtime.runFeature(Lcucumber/runtime/model/CucumberFeature;)V+48
j  cucumber.runtime.Runtime.run()V+63
j  cucumber.api.cli.Main.run([Ljava/lang/String;Ljava/lang/ClassLoader;)B+55
j  cucumber.api.cli.Main$run.call(Ljava/lang/Object;[Ljava/lang/Object;)Ljava/lang/Object;+21
j  org.codehaus.groovy.runtime.callsite.CallSiteArray.defaultCall(Lorg/codehaus/groovy/runtime/callsite/CallSite;Ljava/lang/Object;[Ljava/lang/Object;)Ljava/lang/Object;+8
j  org.codehaus.groovy.runtime.callsite.AbstractCallSite.call(Ljava/lang/Object;[Ljava/lang/Object;)Ljava/lang/Object;+3
j  org.codehaus.groovy.runtime.callsite.AbstractCallSite.call(Ljava/lang/Object;Ljava/lang/Object;Ljava/lang/Object;)Ljava/lang/Object;+38
j  com.kms.katalon.core.cucumber.keyword.CucumberBuiltinKeywords$_runFeatureFile_closure1.doCall(Ljava/lang/Object;)Ljava/lang/Object;+544
j  com.kms.katalon.core.cucumber.keyword.CucumberBuiltinKeywords$_runFeatureFile_closure1.doCall()Ljava/lang/Object;+6
v  ~StubRoutines::call_stub
j  sun.reflect.NativeMethodAccessorImpl.invoke0(Ljava/lang/reflect/Method;Ljava/lang/Object;[Ljava/lang/Object;)Ljava/lang/Object;+0
j  sun.reflect.NativeMethodAccessorImpl.invoke(Ljava/lang/Object;[Ljava/lang/Object;)Ljava/lang/Object;+100
j  sun.reflect.DelegatingMethodAccessorImpl.invoke(Ljava/lang/Object;[Ljava/lang/Object;)Ljava/lang/Object;+6
j  java.lang.reflect.Method.invoke(Ljava/lang/Object;[Ljava/lang/Object;)Ljava/lang/Object;+56
j  org.codehaus.groovy.reflection.CachedMethod.invoke(Ljava/lang/Object;[Ljava/lang/Object;)Ljava/lang/Object;+6
j  groovy.lang.MetaMethod.doMethodInvoke(Ljava/lang/Object;[Ljava/lang/Object;)Ljava/lang/Object;+9
j  org.codehaus.groovy.runtime.metaclass.ClosureMetaClass.invokeMethod(Ljava/lang/Class;Ljava/lang/Object;Ljava/lang/String;[Ljava/lang/Object;ZZ)Ljava/lang/Object;+238
j  groovy.lang.MetaClassImpl.invokeMethod(Ljava/lang/Object;Ljava/lang/String;[Ljava/lang/Object;)Ljava/lang/Object;+10
j  groovy.lang.Closure.call([Ljava/lang/Object;)Ljava/lang/Object;+8
j  groovy.lang.Closure.call()Ljava/lang/Object;+6
j  com.kms.katalon.core.keyword.internal.KeywordMain.runKeyword(Lgroovy/lang/Closure;Lcom/kms/katalon/core/model/FailureHandling;Ljava/lang/String;)Ljava/lang/Object;+1
j  com.kms.katalon.core.keyword.internal.KeywordMain$runKeyword.call(Ljava/lang/Object;[Ljava/lang/Object;)Ljava/lang/Object;+27
j  org.codehaus.groovy.runtime.callsite.CallSiteArray.defaultCall(Lorg/codehaus/groovy/runtime/callsite/CallSite;Ljava/lang/Object;[Ljava/lang/Object;)Ljava/lang/Object;+8
j  org.codehaus.groovy.runtime.callsite.AbstractCallSite.call(Ljava/lang/Object;[Ljava/lang/Object;)Ljava/lang/Object;+3
j  org.codehaus.groovy.runtime.callsite.AbstractCallSite.call(Ljava/lang/Object;Ljava/lang/Object;Ljava/lang/Object;Ljava/lang/Object;)Ljava/lang/Object;+42
j  com.kms.katalon.core.cucumber.keyword.CucumberBuiltinKeywords.runFeatureFile(Ljava/lang/String;Lcom/kms/katalon/core/model/FailureHandling;)Lcom/kms/katalon/core/cucumber/keyword/CucumberRunnerResult;+54
j  com.kms.katalon.core.cucumber.keyword.CucumberBuiltinKeywords$runFeatureFile$0.callStatic(Ljava/lang/Class;[Ljava/lang/Object;)Ljava/lang/Object;+21
j  org.codehaus.groovy.runtime.callsite.CallSiteArray.defaultCallStatic(Lorg/codehaus/groovy/runtime/callsite/CallSite;Ljava/lang/Class;[Ljava/lang/Object;)Ljava/lang/Object;+8
j  org.codehaus.groovy.runtime.callsite.AbstractCallSite.callStatic(Ljava/lang/Class;[Ljava/lang/Object;)Ljava/lang/Object;+3
j  org.codehaus.groovy.runtime.callsite.AbstractCallSite.callStatic(Ljava/lang/Class;Ljava/lang/Object;Ljava/lang/Object;)Ljava/lang/Object;+38
j  com.kms.katalon.core.cucumber.keyword.CucumberBuiltinKeywords.runFeatureFile(Ljava/lang/String;)Z+22
j  com.kms.katalon.core.cucumber.keyword.CucumberBuiltinKeywords$runFeatureFile.call(Ljava/lang/Object;[Ljava/lang/Object;)Ljava/lang/Object;+15
j  org.codehaus.groovy.runtime.callsite.CallSiteArray.defaultCall(Lorg/codehaus/groovy/runtime/callsite/CallSite;Ljava/lang/Object;[Ljava/lang/Object;)Ljava/lang/Object;+8
j  org.codehaus.groovy.runtime.callsite.AbstractCallSite.call(Ljava/lang/Object;[Ljava/lang/Object;)Ljava/lang/Object;+3
j  org.codehaus.groovy.runtime.callsite.AbstractCallSite.call(Ljava/lang/Object;Ljava/lang/Object;)Ljava/lang/Object;+33
j  WSVerification1583746678694.run()Ljava/lang/Object;+107
j  com.kms.katalon.core.main.ScriptEngine.run(Lgroovy/lang/GroovyCodeSource;Lgroovy/lang/Binding;Z)Ljava/lang/Object;+7
j  com.kms.katalon.core.main.ScriptEngine.runScriptAsRawText(Ljava/lang/String;Ljava/lang/String;Lgroovy/lang/Binding;Ljava/lang/String;)Ljava/lang/Object;+68
j  com.kms.katalon.core.main.WSVerificationExecutor.runScript(Ljava/lang/String;)Ljava/lang/Object;+72
j  com.kms.katalon.core.main.WSVerificationExecutor.doExecute()V+9
j  com.kms.katalon.core.main.WSVerificationExecutor.processExecutionPhase()V+12
j  com.kms.katalon.core.main.WSVerificationExecutor.accessMainPhase()V+1
j  com.kms.katalon.core.main.WSVerificationExecutor.execute(Lcom/kms/katalon/core/model/FailureHandling;)Lcom/kms/katalon/core/main/TestResult;+21
j  com.kms.katalon.core.main.TestCaseMain.runFeatureFile(Ljava/lang/String;)Lcom/kms/katalon/core/main/TestResult;+38
j  com.kms.katalon.core.main.TestCaseMain$runFeatureFile$0.call(Ljava/lang/Object;[Ljava/lang/Object;)Ljava/lang/Object;+15
j  org.codehaus.groovy.runtime.callsite.CallSiteArray.defaultCall(Lorg/codehaus/groovy/runtime/callsite/CallSite;Ljava/lang/Object;[Ljava/lang/Object;)Ljava/lang/Object;+8
j  org.codehaus.groovy.runtime.callsite.AbstractCallSite.call(Ljava/lang/Object;[Ljava/lang/Object;)Ljava/lang/Object;+3
j  org.codehaus.groovy.runtime.callsite.AbstractCallSite.call(Ljava/lang/Object;Ljava/lang/Object;)Ljava/lang/Object;+33
j  TempTempCase1583746677321.run()Ljava/lang/Object;+134
j  groovy.lang.GroovyShell.runScriptOrMainOrTestOrRunnable(Ljava/lang/Class;[Ljava/lang/String;)Ljava/lang/Object;+61
j  groovy.lang.GroovyShell.run(Lgroovy/lang/GroovyCodeSource;[Ljava/lang/String;)Ljava/lang/Object;+9
j  groovy.lang.GroovyShell.run(Lgroovy/lang/GroovyCodeSource;Ljava/util/List;)Ljava/lang/Object;+23
j  groovy.ui.GroovyMain.processOnce()V+33
j  groovy.ui.GroovyMain.run()Z+29
j  groovy.ui.GroovyMain.process(Lgroovyjarjarcommonscli/CommandLine;)Z+602
j  groovy.ui.GroovyMain.processArgs([Ljava/lang/String;Ljava/io/PrintStream;)V+108
j  groovy.ui.GroovyMain.main([Ljava/lang/String;)V+4
v  ~StubRoutines::call_stub
j  sun.reflect.NativeMethodAccessorImpl.invoke0(Ljava/lang/reflect/Method;Ljava/lang/Object;[Ljava/lang/Object;)Ljava/lang/Object;+0
j  sun.reflect.NativeMethodAccessorImpl.invoke(Ljava/lang/Object;[Ljava/lang/Object;)Ljava/lang/Object;+100
j  sun.reflect.DelegatingMethodAccessorImpl.invoke(Ljava/lang/Object;[Ljava/lang/Object;)Ljava/lang/Object;+6
j  java.lang.reflect.Method.invoke(Ljava/lang/Object;[Ljava/lang/Object;)Ljava/lang/Object;+56
j  org.codehaus.groovy.tools.GroovyStarter.rootLoader([Ljava/lang/String;)V+391
j  org.codehaus.groovy.tools.GroovyStarter.main([Ljava/lang/String;)V+1
v  ~StubRoutines::call_stub

---------------  P R O C E S S  ---------------

Java Threads: ( => current thread )
  0x00007fda2fd7c000 JavaThread "Java2D Queue Flusher" daemon [_thread_blocked, id=57863, stack(0x000070000c08a000,0x000070000c18a000)]
  0x00007fda2dead000 JavaThread "Java2D Disposer" daemon [_thread_blocked, id=34583, stack(0x000070000bf87000,0x000070000c087000)]
  0x00007fda2f352000 JavaThread "AWT-Shutdown" [_thread_blocked, id=27675, stack(0x000070000bb72000,0x000070000bc72000)]
  0x00007fda2fd20000 JavaThread "AWT-AppKit" daemon [_thread_in_native, id=775, stack(0x00007ffeee6d4000,0x00007ffeeeed4000)]
  0x00007fda2f837800 JavaThread "Service Thread" daemon [_thread_blocked, id=21763, stack(0x000070000b96c000,0x000070000ba6c000)]
  0x00007fda2d01e000 JavaThread "C1 CompilerThread3" daemon [_thread_blocked, id=15107, stack(0x000070000b869000,0x000070000b969000)]
  0x00007fda2d002800 JavaThread "C2 CompilerThread2" daemon [_thread_blocked, id=14339, stack(0x000070000b766000,0x000070000b866000)]
  0x00007fda2f81d000 JavaThread "C2 CompilerThread1" daemon [_thread_blocked, id=14083, stack(0x000070000b663000,0x000070000b763000)]
  0x00007fda30015000 JavaThread "C2 CompilerThread0" daemon [_thread_in_native, id=15875, stack(0x000070000b560000,0x000070000b660000)]
  0x00007fda30014000 JavaThread "Signal Dispatcher" daemon [_thread_blocked, id=16131, stack(0x000070000b45d000,0x000070000b55d000)]
  0x00007fda2e045000 JavaThread "Finalizer" daemon [_thread_blocked, id=18691, stack(0x000070000b254000,0x000070000b354000)]
  0x00007fda2e044000 JavaThread "Reference Handler" daemon [_thread_blocked, id=12291, stack(0x000070000b151000,0x000070000b251000)]
=>0x00007fda2d001000 JavaThread "main" [_thread_in_native, id=3587, stack(0x000070000a52d000,0x000070000a62d000)]

Other Threads:
  0x00007fda2d80d000 VMThread [stack: 0x000070000b04e000,0x000070000b14e000] [id=12035]
  0x00007fda2f84a800 WatcherThread [stack: 0x000070000ba6f000,0x000070000bb6f000] [id=43011]

VM state:not at safepoint (normal execution)

VM Mutex/Monitor currently owned by a thread: None

Heap:
 PSYoungGen      total 141824K, used 55138K [0x000000079a180000, 0x00000007a3680000, 0x00000007c0000000)
  eden space 131072K, 42% used [0x000000079a180000,0x000000079d7589c8,0x00000007a2180000)
  from space 10752K, 0% used [0x00000007a2c00000,0x00000007a2c00000,0x00000007a3680000)
  to   space 10752K, 0% used [0x00000007a2180000,0x00000007a2180000,0x00000007a2c00000)
 ParOldGen       total 102912K, used 11944K [0x000000074e400000, 0x0000000754880000, 0x000000079a180000)
  object space 102912K, 11% used [0x000000074e400000,0x000000074efaa150,0x0000000754880000)
 Metaspace       used 25383K, capacity 25694K, committed 26032K, reserved 1073152K
  class space    used 3001K, capacity 3145K, committed 3248K, reserved 1048576K

Card table byte_map: [0x0000000103974000,0x0000000103d03000] byte_map_base: 0x00000000fff02000

Marking Bits: (ParMarkBitMap*) 0x0000000102ef9cd0
 Begin Bits: [0x000000011636d000, 0x0000000117fdd000)
 End Bits:   [0x0000000117fdd000, 0x0000000119c4d000)

Polling page: 0x0000000100da5000

CodeCache: size=245760Kb used=8631Kb max_used=8647Kb free=237128Kb
 bounds [0x000000010736d000, 0x0000000107bed000, 0x000000011636d000]
 total_blobs=2818 nmethods=2062 adapters=669
 compilation: enabled

Compilation events (10 events):
Event: 10.571 Thread 0x00007fda2f81d000 nmethod 2052 0x0000000107bdb810 code [0x0000000107bdb9e0, 0x0000000107bdc8d8]
Event: 10.571 Thread 0x00007fda2f81d000 2054       4       sun.misc.ProxyGenerator$ConstantPool::getUtf8 (18 bytes)
Event: 10.577 Thread 0x00007fda2d01e000 2064       3       sun.reflect.ClassFileAssembler::emitConstantPoolUTF8 (50 bytes)
Event: 10.578 Thread 0x00007fda2d01e000 nmethod 2064 0x0000000107bd9910 code [0x0000000107bd9b00, 0x0000000107bda168]
Event: 10.578 Thread 0x00007fda2d01e000 2065       3       sun.reflect.UTF8::utf8Length (81 bytes)
Event: 10.579 Thread 0x00007fda2d01e000 nmethod 2065 0x0000000107bb90d0 code [0x0000000107bb9280, 0x0000000107bb98c8]
Event: 10.579 Thread 0x00007fda2d01e000 2066       3       sun.reflect.ClassFileAssembler::cpi (22 bytes)
Event: 10.579 Thread 0x00007fda2d01e000 nmethod 2066 0x0000000107bdb350 code [0x0000000107bdb4c0, 0x0000000107bdb708]
Event: 10.579 Thread 0x00007fda2d002800 nmethod 2053 0x0000000107be2190 code [0x0000000107be2400, 0x0000000107be3720]
Event: 10.596 Thread 0x00007fda2f81d000 nmethod 2054 0x0000000107be4710 code [0x0000000107be4980, 0x0000000107be5df0]

GC Heap History (10 events):
Event: 0.632 GC heap before
{Heap before GC invocations=1 (full 0):
 PSYoungGen      total 76288K, used 65536K [0x000000079a180000, 0x000000079f680000, 0x00000007c0000000)
  eden space 65536K, 100% used [0x000000079a180000,0x000000079e180000,0x000000079e180000)
  from space 10752K, 0% used [0x000000079ec00000,0x000000079ec00000,0x000000079f680000)
  to   space 10752K, 0% used [0x000000079e180000,0x000000079e180000,0x000000079ec00000)
 ParOldGen       total 175104K, used 0K [0x000000074e400000, 0x0000000758f00000, 0x000000079a180000)
  object space 175104K, 0% used [0x000000074e400000,0x000000074e400000,0x0000000758f00000)
 Metaspace       used 9904K, capacity 10022K, committed 10240K, reserved 1058816K
  class space    used 1116K, capacity 1169K, committed 1280K, reserved 1048576K
Event: 0.639 GC heap after
Heap after GC invocations=1 (full 0):
 PSYoungGen      total 76288K, used 7130K [0x000000079a180000, 0x000000079f680000, 0x00000007c0000000)
  eden space 65536K, 0% used [0x000000079a180000,0x000000079a180000,0x000000079e180000)
  from space 10752K, 66% used [0x000000079e180000,0x000000079e876ba8,0x000000079ec00000)
  to   space 10752K, 0% used [0x000000079ec00000,0x000000079ec00000,0x000000079f680000)
 ParOldGen       total 175104K, used 8K [0x000000074e400000, 0x0000000758f00000, 0x000000079a180000)
  object space 175104K, 0% used [0x000000074e400000,0x000000074e402000,0x0000000758f00000)
 Metaspace       used 9904K, capacity 10022K, committed 10240K, reserved 1058816K
  class space    used 1116K, capacity 1169K, committed 1280K, reserved 1048576K
}
Event: 1.032 GC heap before
{Heap before GC invocations=2 (full 0):
 PSYoungGen      total 76288K, used 72666K [0x000000079a180000, 0x000000079f680000, 0x00000007c0000000)
  eden space 65536K, 100% used [0x000000079a180000,0x000000079e180000,0x000000079e180000)
  from space 10752K, 66% used [0x000000079e180000,0x000000079e876ba8,0x000000079ec00000)
  to   space 10752K, 0% used [0x000000079ec00000,0x000000079ec00000,0x000000079f680000)
 ParOldGen       total 175104K, used 8K [0x000000074e400000, 0x0000000758f00000, 0x000000079a180000)
  object space 175104K, 0% used [0x000000074e400000,0x000000074e402000,0x0000000758f00000)
 Metaspace       used 16588K, capacity 16774K, committed 17024K, reserved 1064960K
  class space    used 1815K, capacity 1867K, committed 1920K, reserved 1048576K
Event: 1.044 GC heap after
Heap after GC invocations=2 (full 0):
 PSYoungGen      total 76288K, used 8995K [0x000000079a180000, 0x00000007a3680000, 0x00000007c0000000)
  eden space 65536K, 0% used [0x000000079a180000,0x000000079a180000,0x000000079e180000)
  from space 10752K, 83% used [0x000000079ec00000,0x000000079f4c8ee8,0x000000079f680000)
  to   space 10752K, 0% used [0x000000079e180000,0x000000079e180000,0x000000079ec00000)
 ParOldGen       total 175104K, used 80K [0x000000074e400000, 0x0000000758f00000, 0x000000079a180000)
  object space 175104K, 0% used [0x000000074e400000,0x000000074e414010,0x0000000758f00000)
 Metaspace       used 16588K, capacity 16774K, committed 17024K, reserved 1064960K
  class space    used 1815K, capacity 1867K, committed 1920K, reserved 1048576K
}
Event: 1.479 GC heap before
{Heap before GC invocations=3 (full 0):
 PSYoungGen      total 76288K, used 74531K [0x000000079a180000, 0x00000007a3680000, 0x00000007c0000000)
  eden space 65536K, 100% used [0x000000079a180000,0x000000079e180000,0x000000079e180000)
  from space 10752K, 83% used [0x000000079ec00000,0x000000079f4c8ee8,0x000000079f680000)
  to   space 10752K, 0% used [0x000000079e180000,0x000000079e180000,0x000000079ec00000)
 ParOldGen       total 175104K, used 80K [0x000000074e400000, 0x0000000758f00000, 0x000000079a180000)
  object space 175104K, 0% used [0x000000074e400000,0x000000074e414010,0x0000000758f00000)
 Metaspace       used 20362K, capacity 20580K, committed 20992K, reserved 1067008K
  class space    used 2342K, capacity 2440K, committed 2560K, reserved 1048576K
Event: 1.491 GC heap after
Heap after GC invocations=3 (full 0):
 PSYoungGen      total 76288K, used 10747K [0x000000079a180000, 0x00000007a3680000, 0x00000007c0000000)
  eden space 65536K, 0% used [0x000000079a180000,0x000000079a180000,0x000000079e180000)
  from space 10752K, 99% used [0x000000079e180000,0x000000079ebfed98,0x000000079ec00000)
  to   space 10752K, 0% used [0x00000007a2c00000,0x00000007a2c00000,0x00000007a3680000)
 ParOldGen       total 175104K, used 2559K [0x000000074e400000, 0x0000000758f00000, 0x000000079a180000)
  object space 175104K, 1% used [0x000000074e400000,0x000000074e67fe00,0x0000000758f00000)
 Metaspace       used 20362K, capacity 20580K, committed 20992K, reserved 1067008K
  class space    used 2342K, capacity 2440K, committed 2560K, reserved 1048576K
}
Event: 1.553 GC heap before
{Heap before GC invocations=4 (full 0):
 PSYoungGen      total 76288K, used 24612K [0x000000079a180000, 0x00000007a3680000, 0x00000007c0000000)
  eden space 65536K, 21% used [0x000000079a180000,0x000000079af0a568,0x000000079e180000)
  from space 10752K, 99% used [0x000000079e180000,0x000000079ebfed98,0x000000079ec00000)
  to   space 10752K, 0% used [0x00000007a2c00000,0x00000007a2c00000,0x00000007a3680000)
 ParOldGen       total 175104K, used 2559K [0x000000074e400000, 0x0000000758f00000, 0x000000079a180000)
  object space 175104K, 1% used [0x000000074e400000,0x000000074e67fe00,0x0000000758f00000)
 Metaspace       used 20851K, capacity 21092K, committed 21296K, reserved 1069056K
  class space    used 2442K, capacity 2568K, committed 2608K, reserved 1048576K
Event: 1.561 GC heap after
Heap after GC invocations=4 (full 0):
 PSYoungGen      total 141824K, used 10734K [0x000000079a180000, 0x00000007a3680000, 0x00000007c0000000)
  eden space 131072K, 0% used [0x000000079a180000,0x000000079a180000,0x00000007a2180000)
  from space 10752K, 99% used [0x00000007a2c00000,0x00000007a367b888,0x00000007a3680000)
  to   space 10752K, 0% used [0x00000007a2180000,0x00000007a2180000,0x00000007a2c00000)
 ParOldGen       total 175104K, used 3187K [0x000000074e400000, 0x0000000758f00000, 0x000000079a180000)
  object space 175104K, 1% used [0x000000074e400000,0x000000074e71cd88,0x0000000758f00000)
 Metaspace       used 20851K, capacity 21092K, committed 21296K, reserved 1069056K
  class space    used 2442K, capacity 2568K, committed 2608K, reserved 1048576K
}
Event: 1.561 GC heap before
{Heap before GC invocations=5 (full 1):
 PSYoungGen      total 141824K, used 10734K [0x000000079a180000, 0x00000007a3680000, 0x00000007c0000000)
  eden space 131072K, 0% used [0x000000079a180000,0x000000079a180000,0x00000007a2180000)
  from space 10752K, 99% used [0x00000007a2c00000,0x00000007a367b888,0x00000007a3680000)
  to   space 10752K, 0% used [0x00000007a2180000,0x00000007a2180000,0x00000007a2c00000)
 ParOldGen       total 175104K, used 3187K [0x000000074e400000, 0x0000000758f00000, 0x000000079a180000)
  object space 175104K, 1% used [0x000000074e400000,0x000000074e71cd88,0x0000000758f00000)
 Metaspace       used 20851K, capacity 21092K, committed 21296K, reserved 1069056K
  class space    used 2442K, capacity 2568K, committed 2608K, reserved 1048576K
Event: 1.597 GC heap after
Heap after GC invocations=5 (full 1):
 PSYoungGen      total 141824K, used 0K [0x000000079a180000, 0x00000007a3680000, 0x00000007c0000000)
  eden space 131072K, 0% used [0x000000079a180000,0x000000079a180000,0x00000007a2180000)
  from space 10752K, 0% used [0x00000007a2c00000,0x00000007a2c00000,0x00000007a3680000)
  to   space 10752K, 0% used [0x00000007a2180000,0x00000007a2180000,0x00000007a2c00000)
 ParOldGen       total 102912K, used 11944K [0x000000074e400000, 0x0000000754880000, 0x000000079a180000)
  object space 102912K, 11% used [0x000000074e400000,0x000000074efaa150,0x0000000754880000)
 Metaspace       used 20851K, capacity 21092K, committed 21296K, reserved 1069056K
  class space    used 2442K, capacity 2568K, committed 2608K, reserved 1048576K
}

Deoptimization events (10 events):
Event: 1.703 Thread 0x00007fda2d001000 Uncommon trap: reason=class_check action=maybe_recompile pc=0x0000000107723398 method=java.util.HashMap.putVal(ILjava/lang/Object;Ljava/lang/Object;ZZ)Ljava/lang/Object; @ 203
Event: 1.726 Thread 0x00007fda2d001000 Uncommon trap: reason=null_check action=make_not_entrant pc=0x00000001079a3e08 method=org.codehaus.groovy.reflection.ClassInfo.getLocalClassInfoMap()Lorg/codehaus/groovy/reflection/ClassInfo$LocalMap; @ 6
Event: 1.729 Thread 0x00007fda2d001000 Uncommon trap: reason=null_check action=make_not_entrant pc=0x0000000107a94878 method=org.codehaus.groovy.reflection.ClassInfo.getLocalClassInfoMap()Lorg/codehaus/groovy/reflection/ClassInfo$LocalMap; @ 6
Event: 10.279 Thread 0x00007fda2d001000 Uncommon trap: reason=unstable_if action=reinterpret pc=0x000000010792c8e8 method=java.io.File.getName()Ljava/lang/String; @ 16
Event: 10.504 Thread 0x00007fda2d001000 Uncommon trap: reason=unstable_if action=reinterpret pc=0x0000000107964fa8 method=java.io.File.getName()Ljava/lang/String; @ 16
Event: 10.504 Thread 0x00007fda2d001000 Uncommon trap: reason=unstable_if action=reinterpret pc=0x000000010792fdec method=java.io.File.getName()Ljava/lang/String; @ 16
Event: 10.504 Thread 0x00007fda2d001000 Uncommon trap: reason=unstable_if action=reinterpret pc=0x00000001078f09c4 method=java.lang.StringCoding.encode(Ljava/lang/String;[CII)[B @ 38
Event: 10.524 Thread 0x00007fda2d001000 Uncommon trap: reason=class_check action=maybe_recompile pc=0x0000000107723398 method=java.util.HashMap.putVal(ILjava/lang/Object;Ljava/lang/Object;ZZ)Ljava/lang/Object; @ 203
Event: 10.525 Thread 0x00007fda2d001000 Uncommon trap: reason=class_check action=maybe_recompile pc=0x0000000107723398 method=java.util.HashMap.putVal(ILjava/lang/Object;Ljava/lang/Object;ZZ)Ljava/lang/Object; @ 203
Event: 10.543 Thread 0x00007fda2d001000 Uncommon trap: reason=unstable_if action=reinterpret pc=0x0000000107b87dd4 method=sun.awt.image.ByteInterleavedRaster.getByteData(IIII[B)[B @ 49

Classes redefined (0 events):
No events

Internal exceptions (10 events):
Event: 10.160 Thread 0x00007fda2d001000 Exception <a 'java/lang/ClassNotFoundException': sun/java2d/SunGraphics2DBeanInfo> (0x000000079bd4e7e0) thrown at [/Users/java_re/workspace/8-2-build-macosx-x86_64/jdk8u181/11358/hotspot/src/share/vm/classfile/systemDictionary.cpp, line 210]
Event: 10.160 Thread 0x00007fda2d001000 Exception <a 'java/lang/ClassNotFoundException': java/awt/Graphics2DBeanInfo> (0x000000079bd71768) thrown at [/Users/java_re/workspace/8-2-build-macosx-x86_64/jdk8u181/11358/hotspot/src/share/vm/classfile/systemDictionary.cpp, line 210]
Event: 10.160 Thread 0x00007fda2d001000 Exception <a 'java/lang/ClassNotFoundException': java/awt/GraphicsBeanInfo> (0x000000079bd926d0) thrown at [/Users/java_re/workspace/8-2-build-macosx-x86_64/jdk8u181/11358/hotspot/src/share/vm/classfile/systemDictionary.cpp, line 210]
Event: 10.161 Thread 0x00007fda2d001000 Exception <a 'java/lang/ClassNotFoundException': java/awt/GraphicsCustomizer> (0x000000079bdb5620) thrown at [/Users/java_re/workspace/8-2-build-macosx-x86_64/jdk8u181/11358/hotspot/src/share/vm/classfile/systemDictionary.cpp, line 210]
Event: 10.162 Thread 0x00007fda2d001000 Exception <a 'java/lang/ClassNotFoundException': java/awt/Graphics2DCustomizer> (0x000000079bdff398) thrown at [/Users/java_re/workspace/8-2-build-macosx-x86_64/jdk8u181/11358/hotspot/src/share/vm/classfile/systemDictionary.cpp, line 210]
Event: 10.163 Thread 0x00007fda2d001000 Exception <a 'java/lang/ClassNotFoundException': sun/java2d/SunGraphics2DCustomizer> (0x000000079be45fd0) thrown at [/Users/java_re/workspace/8-2-build-macosx-x86_64/jdk8u181/11358/hotspot/src/share/vm/classfile/systemDictionary.cpp, line 210]
Event: 10.172 Thread 0x00007fda2d001000 Exception <a 'java/lang/ClassNotFoundException': java/awt/image/RescaleOpBeanInfo> (0x000000079c2f08c0) thrown at [/Users/java_re/workspace/8-2-build-macosx-x86_64/jdk8u181/11358/hotspot/src/share/vm/classfile/systemDictionary.cpp, line 210]
Event: 10.173 Thread 0x00007fda2d001000 Exception <a 'java/lang/ClassNotFoundException': java/awt/image/RescaleOpCustomizer> (0x000000079c3172e0) thrown at [/Users/java_re/workspace/8-2-build-macosx-x86_64/jdk8u181/11358/hotspot/src/share/vm/classfile/systemDictionary.cpp, line 210]
Event: 10.264 Thread 0x00007fda2d001000 Exception <a 'java/lang/ClassNotFoundException': net/sourceforge/tess4j/TesseractBeanInfo> (0x000000079cc3e158) thrown at [/Users/java_re/workspace/8-2-build-macosx-x86_64/jdk8u181/11358/hotspot/src/share/vm/classfile/systemDictionary.cpp, line 210]
Event: 10.265 Thread 0x00007fda2d001000 Exception <a 'java/lang/ClassNotFoundException': net/sourceforge/tess4j/TesseractCustomizer> (0x000000079cc7cd60) thrown at [/Users/java_re/workspace/8-2-build-macosx-x86_64/jdk8u181/11358/hotspot/src/share/vm/classfile/systemDictionary.cpp, line 210]

Events (10 events):
Event: 10.559 Thread 0x00007fda2d001000 DEOPT PACKING pc=0x0000000107bb6332 sp=0x000070000a628960
Event: 10.559 Thread 0x00007fda2d001000 DEOPT UNPACKING pc=0x00000001073b4784 sp=0x000070000a6286c0 mode 0
Event: 10.559 Thread 0x00007fda2d001000 DEOPT PACKING pc=0x0000000107bb6332 sp=0x000070000a628960
Event: 10.559 Thread 0x00007fda2d001000 DEOPT UNPACKING pc=0x00000001073b4784 sp=0x000070000a6286c0 mode 0
Event: 10.559 Thread 0x00007fda2d001000 DEOPT PACKING pc=0x0000000107bb6332 sp=0x000070000a628960
Event: 10.559 Thread 0x00007fda2d001000 DEOPT UNPACKING pc=0x00000001073b4784 sp=0x000070000a6286c0 mode 0
Event: 10.568 loading class java/nio/DirectByteBuffer$Deallocator
Event: 10.568 loading class java/nio/DirectByteBuffer$Deallocator done
Event: 10.569 loading class com/sun/jna/Native$Buffers
Event: 10.569 loading class com/sun/jna/Native$Buffers done


Dynamic libraries:
0x00007fff3b8a9000 	/System/Library/Frameworks/Cocoa.framework/Versions/A/Cocoa
0x00007fff48e50000 	/System/Library/Frameworks/Security.framework/Versions/A/Security
0x00007fff3a84f000 	/System/Library/Frameworks/ApplicationServices.framework/Versions/A/ApplicationServices
0x00007fff72eab000 	/usr/lib/libz.1.dylib
0x00007fff709b3000 	/usr/lib/libSystem.B.dylib
0x00007fff727d6000 	/usr/lib/libobjc.A.dylib
0x00007fff3c80e000 	/System/Library/Frameworks/CoreFoundation.framework/Versions/A/CoreFoundation
0x00007fff3eec9000 	/System/Library/Frameworks/Foundation.framework/Versions/C/Foundation
0x00007fff39a53000 	/System/Library/Frameworks/AppKit.framework/Versions/C/AppKit
0x00007fff3c328000 	/System/Library/Frameworks/CoreData.framework/Versions/A/CoreData
0x00007fff6d264000 	/System/Library/PrivateFrameworks/UIFoundation.framework/Versions/A/UIFoundation
0x00007fff67b04000 	/System/Library/PrivateFrameworks/RemoteViewServices.framework/Versions/A/RemoteViewServices
0x00007fff6fce4000 	/System/Library/PrivateFrameworks/XCTTargetBootstrap.framework/Versions/A/XCTTargetBootstrap
0x00007fff3c703000 	/System/Library/Frameworks/CoreDisplay.framework/Versions/A/CoreDisplay
0x00007fff41c01000 	/System/Library/Frameworks/Metal.framework/Versions/A/Metal
0x00007fff56071000 	/System/Library/PrivateFrameworks/DesktopServicesPriv.framework/Versions/A/DesktopServicesPriv
0x00007fff71ace000 	/usr/lib/liblangid.dylib
0x00007fff551cd000 	/System/Library/PrivateFrameworks/CoreSVG.framework/Versions/A/CoreSVG
0x00007fff6a834000 	/System/Library/PrivateFrameworks/SkyLight.framework/Versions/A/SkyLight
0x00007fff3cc8f000 	/System/Library/Frameworks/CoreGraphics.framework/Versions/A/CoreGraphics
0x00007fff385f4000 	/System/Library/Frameworks/Accelerate.framework/Versions/A/Accelerate
0x00007fff72d9c000 	/usr/lib/libxml2.2.dylib
0x00007fff60c3c000 	/System/Library/PrivateFrameworks/IconServices.framework/Versions/A/IconServices
0x00007fff3f687000 	/System/Library/Frameworks/IOSurface.framework/Versions/A/IOSurface
0x00007fff704ec000 	/usr/lib/libDiagnosticMessagesClient.dylib
0x00007fff55eeb000 	/System/Library/PrivateFrameworks/DFRFoundation.framework/Versions/A/DFRFoundation
0x00007fff7185c000 	/usr/lib/libicucore.A.dylib
0x00007fff3ab81000 	/System/Library/Frameworks/AudioToolbox.framework/Versions/A/AudioToolbox
0x00007fff3ac63000 	/System/Library/Frameworks/AudioUnit.framework/Versions/A/AudioUnit
0x00007fff70bb5000 	/usr/lib/libauto.dylib
0x00007fff55f6b000 	/System/Library/PrivateFrameworks/DataDetectorsCore.framework/Versions/A/DataDetectorsCore
0x00007fff3b3ca000 	/System/Library/Frameworks/Carbon.framework/Versions/A/Frameworks/HIToolbox.framework/Versions/A/HIToolbox
0x00007fff48048000 	/System/Library/Frameworks/QuartzCore.framework/Versions/A/QuartzCore
0x00007fff3b709000 	/System/Library/Frameworks/Carbon.framework/Versions/A/Frameworks/SpeechRecognition.framework/Versions/A/SpeechRecognition
0x00007fff5586d000 	/System/Library/PrivateFrameworks/CoreUI.framework/Versions/A/CoreUI
0x00007fff3bd8e000 	/System/Library/Frameworks/CoreAudio.framework/Versions/A/CoreAudio
0x00007fff3eb96000 	/System/Library/Frameworks/DiskArbitration.framework/Versions/A/DiskArbitration
0x00007fff62d22000 	/System/Library/PrivateFrameworks/MultitouchSupport.framework/Versions/A/MultitouchSupport
0x00007fff71727000 	/usr/lib/libenergytrace.dylib
0x00007fff3f5e2000 	/System/Library/Frameworks/IOKit.framework/Versions/A/IOKit
0x00007fff3dbf5000 	/System/Library/Frameworks/CoreServices.framework/Versions/A/CoreServices
0x00007fff64d77000 	/System/Library/PrivateFrameworks/PerformanceAnalysis.framework/Versions/A/PerformanceAnalysis
0x00007fff47080000 	/System/Library/Frameworks/OpenGL.framework/Versions/A/OpenGL
0x00007fff3b8b7000 	/System/Library/Frameworks/ColorSync.framework/Versions/A/ColorSync
0x00007fff3d316000 	/System/Library/Frameworks/CoreImage.framework/Versions/A/CoreImage
0x00007fff3e669000 	/System/Library/Frameworks/CoreText.framework/Versions/A/CoreText
0x00007fff3f70a000 	/System/Library/Frameworks/ImageIO.framework/Versions/A/ImageIO
0x00007fff70c91000 	/usr/lib/libc++.1.dylib
0x00007fff70d0d000 	/usr/lib/libcompression.dylib
0x00007fff7082d000 	/usr/lib/libMobileGestalt.dylib
0x00007fff6c357000 	/System/Library/PrivateFrameworks/TextureIO.framework/Versions/A/TextureIO
0x00007fff70b1b000 	/usr/lib/libate.dylib
0x00007fff60e42000 	/System/Library/PrivateFrameworks/InternationalSupport.framework/Versions/A/InternationalSupport
0x00007fff73922000 	/usr/lib/system/libcache.dylib
0x00007fff73928000 	/usr/lib/system/libcommonCrypto.dylib
0x00007fff73934000 	/usr/lib/system/libcompiler_rt.dylib
0x00007fff7393c000 	/usr/lib/system/libcopyfile.dylib
0x00007fff73946000 	/usr/lib/system/libcorecrypto.dylib
0x00007fff73af4000 	/usr/lib/system/libdispatch.dylib
0x00007fff73b36000 	/usr/lib/system/libdyld.dylib
0x00007fff73b6c000 	/usr/lib/system/libkeymgr.dylib
0x00007fff73b7a000 	/usr/lib/system/liblaunch.dylib
0x00007fff73b7b000 	/usr/lib/system/libmacho.dylib
0x00007fff73b81000 	/usr/lib/system/libquarantine.dylib
0x00007fff73b84000 	/usr/lib/system/libremovefile.dylib
0x00007fff73b86000 	/usr/lib/system/libsystem_asl.dylib
0x00007fff73b9e000 	/usr/lib/system/libsystem_blocks.dylib
0x00007fff73b9f000 	/usr/lib/system/libsystem_c.dylib
0x00007fff73c27000 	/usr/lib/system/libsystem_configuration.dylib
0x00007fff73c2b000 	/usr/lib/system/libsystem_coreservices.dylib
0x00007fff73c2f000 	/usr/lib/system/libsystem_darwin.dylib
0x00007fff73c37000 	/usr/lib/system/libsystem_dnssd.dylib
0x00007fff73c3f000 	/usr/lib/system/libsystem_featureflags.dylib
0x00007fff73c41000 	/usr/lib/system/libsystem_info.dylib
0x00007fff73cbc000 	/usr/lib/system/libsystem_m.dylib
0x00007fff73d04000 	/usr/lib/system/libsystem_malloc.dylib
0x00007fff73d2c000 	/usr/lib/system/libsystem_networkextension.dylib
0x00007fff73d3a000 	/usr/lib/system/libsystem_notify.dylib
0x00007fff73d59000 	/usr/lib/system/libsystem_sandbox.dylib
0x00007fff73d5e000 	/usr/lib/system/libsystem_secinit.dylib
0x00007fff73c8f000 	/usr/lib/system/libsystem_kernel.dylib
0x00007fff73d44000 	/usr/lib/system/libsystem_platform.dylib
0x00007fff73d4e000 	/usr/lib/system/libsystem_pthread.dylib
0x00007fff73d61000 	/usr/lib/system/libsystem_symptoms.dylib
0x00007fff73d69000 	/usr/lib/system/libsystem_trace.dylib
0x00007fff73d81000 	/usr/lib/system/libunwind.dylib
0x00007fff73d87000 	/usr/lib/system/libxpc.dylib
0x00007fff70ce5000 	/usr/lib/libc++abi.dylib
0x00007fff71ad0000 	/usr/lib/liblzma.5.dylib
0x00007fff7174f000 	/usr/lib/libfakelink.dylib
0x00007fff70aa8000 	/usr/lib/libarchive.2.dylib
0x00007fff4a064000 	/System/Library/Frameworks/SystemConfiguration.framework/Versions/A/SystemConfiguration
0x00007fff7041d000 	/usr/lib/libCRFSuite.dylib
0x00007fff3afd9000 	/System/Library/Frameworks/CFNetwork.framework/Versions/A/CFNetwork
0x00007fff70c73000 	/usr/lib/libbsm.0.dylib
0x00007fff73b6d000 	/usr/lib/system/libkxld.dylib
0x00007fff4fa6a000 	/System/Library/PrivateFrameworks/AppleFSCompression.framework/Versions/A/AppleFSCompression
0x00007fff70fe6000 	/usr/lib/libcoretls.dylib
0x00007fff70ffd000 	/usr/lib/libcoretls_cfhelpers.dylib
0x00007fff7281a000 	/usr/lib/libpam.2.dylib
0x00007fff72949000 	/usr/lib/libsqlite3.dylib
0x00007fff72d89000 	/usr/lib/libxar.1.dylib
0x00007fff70c84000 	/usr/lib/libbz2.1.0.dylib
0x00007fff7176b000 	/usr/lib/libiconv.2.dylib
0x00007fff70cfa000 	/usr/lib/libcharset.1.dylib
0x00007fff722c6000 	/usr/lib/libnetwork.dylib
0x00007fff72821000 	/usr/lib/libpcap.A.dylib
0x00007fff70a5d000 	/usr/lib/libapple_nghttp2.dylib
0x00007fff3dfac000 	/System/Library/Frameworks/CoreServices.framework/Versions/A/Frameworks/FSEvents.framework/Versions/A/FSEvents
0x00007fff3dc7c000 	/System/Library/Frameworks/CoreServices.framework/Versions/A/Frameworks/CarbonCore.framework/Versions/A/CarbonCore
0x00007fff3e1ee000 	/System/Library/Frameworks/CoreServices.framework/Versions/A/Frameworks/Metadata.framework/Versions/A/Metadata
0x00007fff3e287000 	/System/Library/Frameworks/CoreServices.framework/Versions/A/Frameworks/OSServices.framework/Versions/A/OSServices
0x00007fff3e2b5000 	/System/Library/Frameworks/CoreServices.framework/Versions/A/Frameworks/SearchKit.framework/Versions/A/SearchKit
0x00007fff3dbf6000 	/System/Library/Frameworks/CoreServices.framework/Versions/A/Frameworks/AE.framework/Versions/A/AE
0x00007fff3dfb5000 	/System/Library/Frameworks/CoreServices.framework/Versions/A/Frameworks/LaunchServices.framework/Versions/A/LaunchServices
0x00007fff3df5e000 	/System/Library/Frameworks/CoreServices.framework/Versions/A/Frameworks/DictionaryServices.framework/Versions/A/DictionaryServices
0x00007fff3e31d000 	/System/Library/Frameworks/CoreServices.framework/Versions/A/Frameworks/SharedFileList.framework/Versions/A/SharedFileList
0x00007fff42ed6000 	/System/Library/Frameworks/NetFS.framework/Versions/A/NetFS
0x00007fff631c2000 	/System/Library/PrivateFrameworks/NetAuth.framework/Versions/A/NetAuth
0x00007fff700ad000 	/System/Library/PrivateFrameworks/login.framework/Versions/A/Frameworks/loginsupport.framework/Versions/A/loginsupport
0x00007fff6be5d000 	/System/Library/PrivateFrameworks/TCC.framework/Versions/A/TCC
0x00007fff545ab000 	/System/Library/PrivateFrameworks/CoreNLP.framework/Versions/A/CoreNLP
0x00007fff62753000 	/System/Library/PrivateFrameworks/MetadataUtilities.framework/Versions/A/MetadataUtilities
0x00007fff71ba8000 	/usr/lib/libmecabra.dylib
0x00007fff71b00000 	/usr/lib/libmecab.dylib
0x00007fff71760000 	/usr/lib/libgermantok.dylib
0x00007fff70a44000 	/usr/lib/libThaiTokenizer.dylib
0x00007fff70455000 	/usr/lib/libChineseTokenizer.dylib
0x00007fff3860c000 	/System/Library/Frameworks/Accelerate.framework/Versions/A/Frameworks/vImage.framework/Versions/A/vImage
0x00007fff398ae000 	/System/Library/Frameworks/Accelerate.framework/Versions/A/Frameworks/vecLib.framework/Versions/A/vecLib
0x00007fff397f2000 	/System/Library/Frameworks/Accelerate.framework/Versions/A/Frameworks/vecLib.framework/Versions/A/libvMisc.dylib
0x00007fff39618000 	/System/Library/Frameworks/Accelerate.framework/Versions/A/Frameworks/vecLib.framework/Versions/A/libvDSP.dylib
0x00007fff38c78000 	/System/Library/Frameworks/Accelerate.framework/Versions/A/Frameworks/vecLib.framework/Versions/A/libBLAS.dylib
0x00007fff391d2000 	/System/Library/Frameworks/Accelerate.framework/Versions/A/Frameworks/vecLib.framework/Versions/A/libLAPACK.dylib
0x00007fff39578000 	/System/Library/Frameworks/Accelerate.framework/Versions/A/Frameworks/vecLib.framework/Versions/A/libLinearAlgebra.dylib
0x00007fff39605000 	/System/Library/Frameworks/Accelerate.framework/Versions/A/Frameworks/vecLib.framework/Versions/A/libSparseBLAS.dylib
0x00007fff3958e000 	/System/Library/Frameworks/Accelerate.framework/Versions/A/Frameworks/vecLib.framework/Versions/A/libQuadrature.dylib
0x00007fff38ee1000 	/System/Library/Frameworks/Accelerate.framework/Versions/A/Frameworks/vecLib.framework/Versions/A/libBNNS.dylib
0x00007fff39594000 	/System/Library/Frameworks/Accelerate.framework/Versions/A/Frameworks/vecLib.framework/Versions/A/libSparse.dylib
0x00007fff61201000 	/System/Library/PrivateFrameworks/LanguageModeling.framework/Versions/A/LanguageModeling
0x00007fff53f4f000 	/System/Library/PrivateFrameworks/CoreEmoji.framework/Versions/A/CoreEmoji
0x00007fff6131e000 	/System/Library/PrivateFrameworks/LinguisticData.framework/Versions/A/LinguisticData
0x00007fff612cf000 	/System/Library/PrivateFrameworks/Lexicon.framework/Versions/A/Lexicon
0x00007fff70cfb000 	/usr/lib/libcmph.dylib
0x00007fff45aa6000 	/System/Library/Frameworks/OpenDirectory.framework/Versions/A/Frameworks/CFOpenDirectory.framework/Versions/A/CFOpenDirectory
0x00007fff45ac3000 	/System/Library/Frameworks/OpenDirectory.framework/Versions/A/OpenDirectory
0x00007fff4de22000 	/System/Library/PrivateFrameworks/APFS.framework/Versions/A/APFS
0x00007fff49195000 	/System/Library/Frameworks/SecurityFoundation.framework/Versions/A/SecurityFoundation
0x00007fff72d85000 	/usr/lib/libutil.dylib
0x00007fff55225000 	/System/Library/PrivateFrameworks/CoreServicesStore.framework/Versions/A/CoreServicesStore
0x00007fff49276000 	/System/Library/Frameworks/ServiceManagement.framework/Versions/A/ServiceManagement
0x00007fff51205000 	/System/Library/PrivateFrameworks/BackgroundTaskManagement.framework/Versions/A/BackgroundTaskManagement
0x00007fff72e82000 	/usr/lib/libxslt.1.dylib
0x00007fff500c8000 	/System/Library/PrivateFrameworks/AppleSystemInfo.framework/Versions/A/AppleSystemInfo
0x00007fff3f925000 	/System/Library/Frameworks/ImageIO.framework/Versions/A/Resources/libJPEG.dylib
0x00007fff3fbe4000 	/System/Library/Frameworks/ImageIO.framework/Versions/A/Resources/libTIFF.dylib
0x00007fff3fbc7000 	/System/Library/Frameworks/ImageIO.framework/Versions/A/Resources/libPng.dylib
0x00007fff3f866000 	/System/Library/Frameworks/ImageIO.framework/Versions/A/Resources/libGIF.dylib
0x00007fff3f86a000 	/System/Library/Frameworks/ImageIO.framework/Versions/A/Resources/libJP2.dylib
0x00007fff3fbe2000 	/System/Library/Frameworks/ImageIO.framework/Versions/A/Resources/libRadiance.dylib
0x00007fff71728000 	/usr/lib/libexpat.1.dylib
0x00007fff4fbc5000 	/System/Library/PrivateFrameworks/AppleJPEG.framework/Versions/A/AppleJPEG
0x00007fff5843d000 	/System/Library/PrivateFrameworks/FontServices.framework/libFontParser.dylib
0x00007fff6f108000 	/System/Library/PrivateFrameworks/WatchdogClient.framework/Versions/A/WatchdogClient
0x00007fff60894000 	/System/Library/PrivateFrameworks/IOAccelerator.framework/Versions/A/IOAccelerator
0x00007fff41f8f000 	/System/Library/Frameworks/MetalPerformanceShaders.framework/Versions/A/MetalPerformanceShaders
0x00007fff5d18a000 	/System/Library/PrivateFrameworks/GPUWrangler.framework/Versions/A/GPUWrangler
0x00007fff6089f000 	/System/Library/PrivateFrameworks/IOPresentment.framework/Versions/A/IOPresentment
0x00007fff55efd000 	/System/Library/PrivateFrameworks/DSExternalDisplay.framework/Versions/A/DSExternalDisplay
0x00007fff4642c000 	/System/Library/Frameworks/OpenGL.framework/Versions/A/Libraries/libCoreFSCache.dylib
0x00007fff41ce0000 	/System/Library/Frameworks/MetalPerformanceShaders.framework/Frameworks/MPSCore.framework/Versions/A/MPSCore
0x00007fff41d1d000 	/System/Library/Frameworks/MetalPerformanceShaders.framework/Frameworks/MPSImage.framework/Versions/A/MPSImage
0x00007fff41de0000 	/System/Library/Frameworks/MetalPerformanceShaders.framework/Frameworks/MPSNeuralNetwork.framework/Versions/A/MPSNeuralNetwork
0x00007fff41da4000 	/System/Library/Frameworks/MetalPerformanceShaders.framework/Frameworks/MPSMatrix.framework/Versions/A/MPSMatrix
0x00007fff41f40000 	/System/Library/Frameworks/MetalPerformanceShaders.framework/Frameworks/MPSRayIntersector.framework/Versions/A/MPSRayIntersector
0x00007fff41dca000 	/System/Library/Frameworks/MetalPerformanceShaders.framework/Frameworks/MPSNDArray.framework/Versions/A/MPSNDArray
0x00007fff627a0000 	/System/Library/PrivateFrameworks/MetalTools.framework/Versions/A/MetalTools
0x00007fff4ef01000 	/System/Library/PrivateFrameworks/AggregateDictionary.framework/Versions/A/AggregateDictionary
0x00007fff539e6000 	/System/Library/PrivateFrameworks/CoreAnalytics.framework/Versions/A/CoreAnalytics
0x00007fff4ffe6000 	/System/Library/PrivateFrameworks/AppleSauce.framework/Versions/A/AppleSauce
0x00007fff70710000 	/usr/lib/libIOReport.dylib
0x00007fff3e81e000 	/System/Library/Frameworks/CoreVideo.framework/Versions/A/CoreVideo
0x00007fff5e577000 	/System/Library/PrivateFrameworks/GraphVisualizer.framework/Versions/A/GraphVisualizer
0x00007fff579bf000 	/System/Library/PrivateFrameworks/FaceCore.framework/Versions/A/FaceCore
0x00007fff45a4d000 	/System/Library/Frameworks/OpenCL.framework/Versions/A/OpenCL
0x00007fff70532000 	/usr/lib/libFosl_dynamic.dylib
0x00007fff63bb8000 	/System/Library/PrivateFrameworks/OTSVG.framework/Versions/A/OTSVG
0x00007fff3a954000 	/System/Library/Frameworks/ApplicationServices.framework/Versions/A/Frameworks/ATS.framework/Versions/A/Resources/libFontRegistry.dylib
0x00007fff5860e000 	/System/Library/PrivateFrameworks/FontServices.framework/libhvf.dylib
0x00007fff46437000 	/System/Library/Frameworks/OpenGL.framework/Versions/A/Libraries/libGFXShared.dylib
0x00007fff46614000 	/System/Library/Frameworks/OpenGL.framework/Versions/A/Libraries/libGLU.dylib
0x00007fff46440000 	/System/Library/Frameworks/OpenGL.framework/Versions/A/Libraries/libGL.dylib
0x00007fff4644b000 	/System/Library/Frameworks/OpenGL.framework/Versions/A/Libraries/libGLImage.dylib
0x00007fff46429000 	/System/Library/Frameworks/OpenGL.framework/Versions/A/Libraries/libCVMSPluginSupport.dylib
0x00007fff46432000 	/System/Library/Frameworks/OpenGL.framework/Versions/A/Libraries/libCoreVMClient.dylib
0x00007fff72168000 	/usr/lib/libncurses.5.4.dylib
0x00007fff3a850000 	/System/Library/Frameworks/ApplicationServices.framework/Versions/A/Frameworks/ATS.framework/Versions/A/ATS
0x00007fff3aa1d000 	/System/Library/Frameworks/ApplicationServices.framework/Versions/A/Frameworks/ColorSyncLegacy.framework/Versions/A/ColorSyncLegacy
0x00007fff3aabc000 	/System/Library/Frameworks/ApplicationServices.framework/Versions/A/Frameworks/HIServices.framework/Versions/A/HIServices
0x00007fff3ab13000 	/System/Library/Frameworks/ApplicationServices.framework/Versions/A/Frameworks/LangAnalysis.framework/Versions/A/LangAnalysis
0x00007fff3ab22000 	/System/Library/Frameworks/ApplicationServices.framework/Versions/A/Frameworks/PrintCore.framework/Versions/A/PrintCore
0x00007fff3ab68000 	/System/Library/Frameworks/ApplicationServices.framework/Versions/A/Frameworks/QD.framework/Versions/A/QD
0x00007fff3ab73000 	/System/Library/Frameworks/ApplicationServices.framework/Versions/A/Frameworks/SpeechSynthesis.framework/Versions/A/SpeechSynthesis
0x00007fff3a9ed000 	/System/Library/Frameworks/ApplicationServices.framework/Versions/A/Frameworks/ATSUI.framework/Versions/A/ATSUI
0x00007fff715bc000 	/usr/lib/libcups.2.dylib
0x00007fff41048000 	/System/Library/Frameworks/Kerberos.framework/Versions/A/Kerberos
0x00007fff3f2fd000 	/System/Library/Frameworks/GSS.framework/Versions/A/GSS
0x00007fff728d6000 	/usr/lib/libresolv.9.dylib
0x00007fff5e718000 	/System/Library/PrivateFrameworks/Heimdal.framework/Versions/A/Heimdal
0x00007fff4105b000 	/System/Library/Frameworks/Kerberos.framework/Versions/A/Libraries/libHeimdalProxy.dylib
0x00007fff71766000 	/usr/lib/libheimdal-asn1.dylib
0x00007fff52eac000 	/System/Library/PrivateFrameworks/CommonAuth.framework/Versions/A/CommonAuth
0x00007fff50165000 	/System/Library/PrivateFrameworks/AssertionServices.framework/Versions/A/AssertionServices
0x00007fff50cfb000 	/System/Library/PrivateFrameworks/AudioToolboxCore.framework/Versions/A/AudioToolboxCore
0x00007fff6fd60000 	/System/Library/PrivateFrameworks/caulk.framework/Versions/A/caulk
0x00007fff512b1000 	/System/Library/PrivateFrameworks/BaseBoard.framework/Versions/A/BaseBoard
0x00007fff67c90000 	/System/Library/PrivateFrameworks/RunningBoardServices.framework/Versions/A/RunningBoardServices
0x00007fff64d83000 	/System/Library/PrivateFrameworks/PersistentConnection.framework/Versions/A/PersistentConnection
0x00007fff6769d000 	/System/Library/PrivateFrameworks/ProtocolBuffer.framework/Versions/A/ProtocolBuffer
0x00007fff52ec9000 	/System/Library/PrivateFrameworks/CommonUtilities.framework/Versions/A/CommonUtilities
0x00007fff51430000 	/System/Library/PrivateFrameworks/Bom.framework/Versions/A/Bom
0x00007fff703e1000 	/usr/lib/libAudioToolboxUtility.dylib
0x00007fff5120f000 	/System/Library/PrivateFrameworks/Backup.framework/Versions/A/Backup
0x00007fff55c6c000 	/System/Library/PrivateFrameworks/CrashReporterSupport.framework/Versions/A/CrashReporterSupport
0x00007fff69719000 	/System/Library/PrivateFrameworks/Sharing.framework/Versions/A/Sharing
0x00007fff4f912000 	/System/Library/PrivateFrameworks/Apple80211.framework/Versions/A/Apple80211
0x00007fff50f37000 	/System/Library/PrivateFrameworks/AuthKit.framework/Versions/A/AuthKit
0x00007fff5599a000 	/System/Library/PrivateFrameworks/CoreUtils.framework/Versions/A/CoreUtils
0x00007fff3e863000 	/System/Library/Frameworks/CoreWLAN.framework/Versions/A/CoreWLAN
0x00007fff3f466000 	/System/Library/Frameworks/IOBluetooth.framework/Versions/A/IOBluetooth
0x00007fff62a9e000 	/System/Library/PrivateFrameworks/MobileKeyBag.framework/Versions/A/MobileKeyBag
0x00007fff54a7b000 	/System/Library/PrivateFrameworks/CorePhoneNumbers.framework/Versions/A/CorePhoneNumbers
0x00007fff4fb78000 	/System/Library/PrivateFrameworks/AppleIDAuthSupport.framework/Versions/A/AppleIDAuthSupport
0x00007fff42ee3000 	/System/Library/Frameworks/Network.framework/Versions/A/Network
0x00007fff6108a000 	/System/Library/PrivateFrameworks/KeychainCircle.framework/Versions/A/KeychainCircle
0x00007fff3c2f0000 	/System/Library/Frameworks/CoreBluetooth.framework/Versions/A/CoreBluetooth
0x00007fff6b373000 	/System/Library/PrivateFrameworks/SpeechRecognitionCore.framework/Versions/A/SpeechRecognitionCore
0x0000000102600000 	/Applications/Katalon Studio.app/Contents/Eclipse/jre/Contents/Home/jre/lib/server/libjvm.dylib
0x00007fff72c5a000 	/usr/lib/libstdc++.6.dylib
0x0000000100d61000 	/Applications/Katalon Studio.app/Contents/Eclipse/jre/Contents/Home/jre/lib/libverify.dylib
0x0000000100d6f000 	/Applications/Katalon Studio.app/Contents/Eclipse/jre/Contents/Home/jre/lib/libjava.dylib
0x0000000100def000 	/Applications/Katalon Studio.app/Contents/Eclipse/jre/Contents/Home/jre/lib/libzip.dylib
0x000000011bd82000 	/Applications/Katalon Studio.app/Contents/Eclipse/jre/Contents/Home/jre/lib/libnio.dylib
0x000000011bd92000 	/Applications/Katalon Studio.app/Contents/Eclipse/jre/Contents/Home/jre/lib/libnet.dylib
0x000000011cea9000 	/Applications/Katalon Studio.app/Contents/Eclipse/jre/Contents/Home/jre/lib/libawt.dylib
0x000000011cf53000 	/Applications/Katalon Studio.app/Contents/Eclipse/jre/Contents/Home/jre/lib/libmlib_image.dylib
0x00007fff41031000 	/System/Library/Frameworks/JavaVM.framework/Versions/A/Frameworks/JavaNativeFoundation.framework/Versions/A/JavaNativeFoundation
0x00007fff4103a000 	/System/Library/Frameworks/JavaVM.framework/Versions/A/Frameworks/JavaRuntimeSupport.framework/Versions/A/JavaRuntimeSupport
0x00007fff41043000 	/System/Library/Frameworks/JavaVM.framework/Versions/A/JavaVM
0x00007fff60eec000 	/System/Library/PrivateFrameworks/JavaLaunching.framework/Versions/A/JavaLaunching
0x00007fff3b3c5000 	/System/Library/Frameworks/Carbon.framework/Versions/A/Carbon
0x00007fff5574e000 	/System/Library/PrivateFrameworks/CoreSymbolication.framework/Versions/A/CoreSymbolication
0x00007fff3b3c6000 	/System/Library/Frameworks/Carbon.framework/Versions/A/Frameworks/CommonPanels.framework/Versions/A/CommonPanels
0x00007fff3b6bf000 	/System/Library/Frameworks/Carbon.framework/Versions/A/Frameworks/Help.framework/Versions/A/Help
0x00007fff3b6c3000 	/System/Library/Frameworks/Carbon.framework/Versions/A/Frameworks/ImageCapture.framework/Versions/A/ImageCapture
0x00007fff3b6ca000 	/System/Library/Frameworks/Carbon.framework/Versions/A/Frameworks/OpenScripting.framework/Versions/A/OpenScripting
0x00007fff3b6c9000 	/System/Library/Frameworks/Carbon.framework/Versions/A/Frameworks/Ink.framework/Versions/A/Ink
0x00007fff3b705000 	/System/Library/Frameworks/Carbon.framework/Versions/A/Frameworks/Print.framework/Versions/A/Print
0x00007fff3b706000 	/System/Library/Frameworks/Carbon.framework/Versions/A/Frameworks/SecurityHI.framework/Versions/A/SecurityHI
0x00007fff56032000 	/System/Library/PrivateFrameworks/DebugSymbols.framework/Versions/A/DebugSymbols
0x000000011d0d0000 	/Applications/Katalon Studio.app/Contents/Eclipse/jre/Contents/Home/jre/lib/libawt_lwawt.dylib
0x000000011c3ac000 	/Applications/Katalon Studio.app/Contents/Eclipse/jre/Contents/Home/jre/lib/libosxapp.dylib
0x00007fff3ed70000 	/System/Library/Frameworks/ExceptionHandling.framework/Versions/A/ExceptionHandling
0x00007fff551f1000 	/System/Library/PrivateFrameworks/CoreServicesInternal.framework/Versions/A/CoreServicesInternal
0x00007fff3ed8f000 	/System/Library/Frameworks/FileProvider.framework/Versions/A/FileProvider
0x00007fff398af000 	/System/Library/Frameworks/Accounts.framework/Versions/A/Accounts
0x00007fff5d4aa000 	/System/Library/PrivateFrameworks/GenerationalStorage.framework/Versions/A/GenerationalStorage
0x00007fff6bba0000 	/System/Library/PrivateFrameworks/SymptomDiagnosticReporter.framework/Versions/A/SymptomDiagnosticReporter
0x00007fff4f40f000 	/System/Library/PrivateFrameworks/AppContainer.framework/Versions/A/AppContainer
0x00007fff728f0000 	/usr/lib/libsandbox.1.dylib
0x00007fff6e0ac000 	/System/Library/PrivateFrameworks/UserManagement.framework/Versions/A/UserManagement
0x00007fff51fd7000 	/System/Library/PrivateFrameworks/ChunkingLibrary.framework/Versions/A/ChunkingLibrary
0x00007fff4f480000 	/System/Library/PrivateFrameworks/AppSandbox.framework/Versions/A/AppSandbox
0x00007fff695ce000 	/System/Library/PrivateFrameworks/SecCodeWrapper.framework/Versions/A/SecCodeWrapper
0x00007fff707f6000 	/usr/lib/libMatch.1.dylib
0x00007fff2fde4000 	/System/Library/CoreServices/RawCamera.bundle/Contents/MacOS/RawCamera
0x00007fff628c8000 	/System/Library/PrivateFrameworks/MobileAsset.framework/Versions/A/MobileAsset
0x00007fff6ba4e000 	/System/Library/PrivateFrameworks/StreamingZip.framework/Versions/A/StreamingZip
0x00007fff414bf000 	/System/Library/Frameworks/MediaToolbox.framework/Versions/A/MediaToolbox
0x00007fff53996000 	/System/Library/PrivateFrameworks/CoreAVCHD.framework/Versions/A/CoreAVCHD
0x00007fff413ec000 	/System/Library/Frameworks/MediaAccessibility.framework/Versions/A/MediaAccessibility
0x00007fff61cbc000 	/System/Library/PrivateFrameworks/Mangrove.framework/Versions/A/Mangrove
0x00007fff3da31000 	/System/Library/Frameworks/CoreMedia.framework/Versions/A/CoreMedia
0x00007fff61f17000 	/System/Library/PrivateFrameworks/MediaExperience.framework/Versions/A/MediaExperience
0x00007fff4a34a000 	/System/Library/Frameworks/VideoToolbox.framework/Versions/A/VideoToolbox
0x00007fff535c0000 	/System/Library/PrivateFrameworks/CoreAUC.framework/Versions/A/CoreAUC
0x00007fff72947000 	/usr/lib/libspindump.dylib
0x00007fff506a6000 	/System/Library/PrivateFrameworks/AudioResourceArbitration.framework/Versions/A/AudioResourceArbitration
0x00007fff500cc000 	/System/Library/PrivateFrameworks/AppleVA.framework/Versions/A/AppleVA
0x00007fff385f5000 	/System/Library/Frameworks/Accelerate.framework/Versions/A/Frameworks/vImage.framework/Versions/A/Libraries/libCGInterfaces.dylib
0x000000011bcc6000 	/usr/lib/libobjc-trampolines.dylib
0x00007fff58575000 	/System/Library/PrivateFrameworks/FontServices.framework/libTrueTypeScaler.dylib
0x00007fff30036000 	/System/Library/Extensions/AMDMTLBronzeDriver.bundle/Contents/MacOS/AMDMTLBronzeDriver
0x00007fff6088a000 	/System/Library/PrivateFrameworks/IOAccelMemoryInfo.framework/Versions/A/IOAccelMemoryInfo
0x00007fff3559e000 	/System/Library/Extensions/AppleIntelKBLGraphicsMTLDriver.bundle/Contents/MacOS/AppleIntelKBLGraphicsMTLDriver
0x00007fff5bae2000 	/System/Library/PrivateFrameworks/GPUCompiler.framework/Versions/3902/Libraries/libmetal_timestamp.dylib
0x00007fff57dea000 	/System/Library/PrivateFrameworks/FamilyControls.framework/Versions/A/FamilyControls
0x00007fff52ea0000 	/System/Library/PrivateFrameworks/CommerceKit.framework/Versions/A/Frameworks/CommerceCore.framework/Versions/A/CommerceCore
0x00007fff6bc1a000 	/System/Library/PrivateFrameworks/SystemAdministration.framework/Versions/A/SystemAdministration
0x00007fff563d7000 	/System/Library/PrivateFrameworks/DiskManagement.framework/Versions/A/DiskManagement
0x00007fff3eaba000 	/System/Library/Frameworks/DirectoryService.framework/Versions/A/DirectoryService
0x00007fff5630e000 	/System/Library/PrivateFrameworks/DiskImages.framework/Versions/A/DiskImages
0x00007fff613c6000 	/System/Library/PrivateFrameworks/LoginUIKit.framework/Versions/A/Frameworks/LoginUICore.framework/Versions/A/LoginUICore
0x00007fff70460000 	/usr/lib/libCoreStorage.dylib
0x00007fff715a9000 	/usr/lib/libcsfde.dylib
0x00007fff72808000 	/usr/lib/libodfde.dylib
0x00007fff61fa2000 	/System/Library/PrivateFrameworks/MediaKit.framework/Versions/A/MediaKit
0x00007fff3eac6000 	/System/Library/Frameworks/DiscRecording.framework/Versions/A/DiscRecording
0x00007fff56585000 	/System/Library/PrivateFrameworks/EFILogin.framework/Versions/A/EFILogin
0x00007fff67642000 	/System/Library/PrivateFrameworks/ProtectedCloudStorage.framework/Versions/A/ProtectedCloudStorage
0x00007fff7161d000 	/usr/lib/libcurl.4.dylib
0x00007fff714a2000 	/usr/lib/libcrypto.44.dylib
0x00007fff72c2a000 	/usr/lib/libssl.46.dylib
0x00007fff4105c000 	/System/Library/Frameworks/LDAP.framework/Versions/A/LDAP
0x00007fff6c58c000 	/System/Library/PrivateFrameworks/TrustEvaluationAgent.framework/Versions/A/TrustEvaluationAgent
0x00007fff72934000 	/usr/lib/libsasl2.2.dylib
0x00007fff53ccd000 	/System/Library/PrivateFrameworks/CoreDaemon.framework/Versions/B/CoreDaemon
0x00007fff4ffe1000 	/System/Library/PrivateFrameworks/AppleSRP.framework/Versions/A/AppleSRP
0x00007fff6ee7a000 	/System/Library/PrivateFrameworks/ViewBridge.framework/Versions/A/ViewBridge
0x00007fff700b0000 	/System/Library/PrivateFrameworks/login.framework/Versions/A/login
0x000000011f3fd000 	/Applications/Katalon Studio.app/Contents/Eclipse/jre/Contents/Home/jre/lib/libjpeg.dylib
0x00007fff47090000 	/System/Library/Frameworks/OpenGL.framework/Versions/A/Resources/GLEngine.bundle/GLEngine
0x00007fff46481000 	/System/Library/Frameworks/OpenGL.framework/Versions/A/Libraries/libGLProgrammability.dylib
0x00007fff34775000 	/System/Library/Extensions/AppleIntelKBLGraphicsGLDriver.bundle/Contents/MacOS/AppleIntelKBLGraphicsGLDriver
0x00007fff5d17e000 	/System/Library/PrivateFrameworks/GPUSupport.framework/Versions/A/Libraries/libGPUSupportMercury.dylib
0x000000011fb15000 	/System/Library/Extensions/AMDRadeonX4000GLDriver.bundle/Contents/MacOS/AMDRadeonX4000GLDriver
0x00007fff30152000 	/System/Library/Extensions/AMDRadeonX4000GLDriver.bundle/Contents/MacOS/ATIRadeonX4000SCLib.dylib
0x00007fff4720a000 	/System/Library/Frameworks/OpenGL.framework/Versions/A/Resources/GLRendererFloat.bundle/GLRendererFloat
0x00007fff45a44000 	/System/Library/Frameworks/OpenCL.framework/Versions/A/Libraries/libcldcpuengine.dylib
0x00007fff711a1000 	/usr/lib/libcrypto.35.dylib
0x000000011f88d000 	/private/var/folders/0s/4_d154xd6dq7wdcqcr30yyqw0000gp/T/jna-34753427/jna1553770292351912719.tmp
0x00000001217f2000 	/usr/local/Cellar/tesseract/4.1.1/lib/libtesseract.4.dylib
0x0000000121a70000 	/usr/local/opt/leptonica/lib/liblept.5.dylib
0x000000012006a000 	/usr/local/opt/libpng/lib/libpng16.16.dylib
0x000000012071c000 	/usr/local/opt/jpeg/lib/libjpeg.9.dylib
0x000000011beb5000 	/usr/local/opt/giflib/lib/libgif.dylib
0x0000000121c80000 	/usr/local/opt/libtiff/lib/libtiff.5.dylib
0x000000011f8a2000 	/usr/local/opt/webp/lib/libwebpmux.3.dylib
0x0000000121ced000 	/usr/local/opt/webp/lib/libwebp.7.dylib
0x00000001209ec000 	/usr/local/opt/openjpeg/lib/libopenjp2.7.dylib

VM Arguments:
jvm_args: -Dgroovy.home=/Applications/Katalon Studio.app/Contents/Eclipse/plugins/org.codehaus.groovy_2.4.7.xx-201611170128-e46/ -Xmx1820m -Dfile.encoding=UTF-8 
java_command: org.codehaus.groovy.tools.GroovyStarter --classpath /Users/chaidir.pratama01/Katalon Studio/OCR/Include/scripts/groovy:/Users/chaidir.pratama01/Katalon Studio/OCR/Keywords:/Users/chaidir.pratama01/Katalon Studio/OCR/Libs:/Users/chaidir.pratama01/Katalon Studio/OCR/Test Listeners:/Applications/Katalon Studio.app/Contents/Eclipse/configuration/resources/lib/aspectjweaver-1.9.1.jar:/Applications/Katalon Studio.app/Contents/Eclipse/configuration/resources/lib/bcpkix-jdk15on-1.58.jar:/Applications/Katalon Studio.app/Contents/Eclipse/configuration/resources/lib/bcprov-jdk15on-1.58.jar:/Applications/Katalon Studio.app/Contents/Eclipse/configuration/resources/lib/browsermob-core-2.1.5.jar:/Applications/Katalon Studio.app/Contents/Eclipse/configuration/resources/lib/cglib-3.2.10.jar:/Applications/Katalon Studio.app/Contents/Eclipse/configuration/resources/lib/commons-validator-1.6.jar:/Applications/Katalon Studio.app/Contents/Eclipse/configuration/resources/lib/dnsjava-2.1.8.jar:/Applications/Katalon Studio.app/Contents/Eclipse/configuration/resources/lib/java-client-7.0.0.jar:/Applications/Katalon Studio.app/Contents/Eclipse/configuration/resources/lib/jna-4.1.0.jar:/Applications/Katalon Studio.app/Contents/Eclipse/configuration/resources/lib/jna-platform-4.1.0.jar:/Applications/Katalon Studio.app/Contents/Eclipse/configuration/resources/lib/jzlib-1.1.3.jar:/Applications/Katalon Studio.app/Contents/Eclipse/configuration/resources/lib/kat-server.jar:/Applications/Katalon Studio.app/Contents/Eclipse/configuration/resources/lib/littleproxy-1.1.0-beta-bmp-17.jar:/Applications/Katalon Studio.app/Contents/Eclipse/configuration/resources/lib/mitm-2.1.5.jar:/Applications/Katalon Studio.app/Contents/Eclipse/configuration/resources/lib/netty-all-4.0.51.Final.jar:/Applications/Katalon Studio.app/Contents/Eclipse/configuration/resources/lib/repackaged-sikuli-api-1.0.2-standalone.jar:/Applications/Katalon Studio.app/Contents/Eclipse/configuration/resources/lib/selenium-l
java_class_path (initial): /Users/chaidir.pratama01/Katalon Studio/OCR/bin/keyword:/Users/chaidir.pratama01/Katalon Studio/OCR/bin/listener:/Users/chaidir.pratama01/Katalon Studio/OCR/bin/lib:/Users/chaidir.pratama01/Katalon Studio/OCR/bin/groovy:/Users/chaidir.pratama01/Katalon Studio/OCR/bin:/Applications/Katalon Studio.app/Contents/Eclipse/plugins/com.kms.katalon.core_1.0.0.201908270734.jar:/Applications/Katalon Studio.app/Contents/Eclipse/configuration/resources/lib/testng-6.11.jar:/Applications/Katalon Studio.app/Contents/Eclipse/configuration/resources/lib/netty-all-4.0.51.Final.jar:/Applications/Katalon Studio.app/Contents/Eclipse/configuration/resources/lib/mitm-2.1.5.jar:/Applications/Katalon Studio.app/Contents/Eclipse/configuration/resources/lib/repackaged-sikuli-api-1.0.2-standalone.jar:/Applications/Katalon Studio.app/Contents/Eclipse/configuration/resources/lib/selenium-server-standalone-3.141.59.jar:/Applications/Katalon Studio.app/Contents/Eclipse/configuration/resources/lib/browsermob-core-2.1.5.jar:/Applications/Katalon Studio.app/Contents/Eclipse/configuration/resources/lib/slf4j-api-1.7.25.jar:/Applications/Katalon Studio.app/Contents/Eclipse/configuration/resources/lib/cglib-3.2.10.jar:/Applications/Katalon Studio.app/Contents/Eclipse/configuration/resources/lib/spring-context-5.1.0.RELEASE.jar:/Applications/Katalon Studio.app/Contents/Eclipse/configuration/resources/lib/java-client-7.0.0.jar:/Applications/Katalon Studio.app/Contents/Eclipse/configuration/resources/lib/jzlib-1.1.3.jar:/Applications/Katalon Studio.app/Contents/Eclipse/configuration/resources/lib/commons-validator-1.6.jar:/Applications/Katalon Studio.app/Contents/Eclipse/configuration/resources/lib/selenium-leg-rc-3.141.59.jar:/Applications/Katalon Studio.app/Contents/Eclipse/configuration/resources/lib/kat-server.jar:/Applications/Katalon Studio.app/Contents/Eclipse/configuration/resources/lib/jna-platform-4.1.0.jar:/Applications/Katalon Studio.app/Contents/Eclipse/configuratio
Launcher Type: SUN_STANDARD

Environment Variables:
PATH=/usr/bin:/bin:/usr/sbin:/sbin
SHELL=/bin/bash

Signal Handlers:
SIGSEGV: [libjvm.dylib+0x5b6029], sa_mask[0]=11111111011111110111111111111111, sa_flags=SA_ONSTACK|SA_RESTART|SA_SIGINFO
SIGBUS: [libjvm.dylib+0x5b6029], sa_mask[0]=11111111011111110111111111111111, sa_flags=SA_RESTART|SA_SIGINFO
SIGFPE: [libjvm.dylib+0x48b934], sa_mask[0]=11111111011111110111111111111111, sa_flags=SA_RESTART|SA_SIGINFO
SIGPIPE: [libjvm.dylib+0x48b934], sa_mask[0]=11111111011111110111111111111111, sa_flags=SA_RESTART|SA_SIGINFO
SIGXFSZ: [libjvm.dylib+0x48b934], sa_mask[0]=11111111011111110111111111111111, sa_flags=SA_RESTART|SA_SIGINFO
SIGILL: [libjvm.dylib+0x48b934], sa_mask[0]=11111111011111110111111111111111, sa_flags=SA_RESTART|SA_SIGINFO
SIGUSR1: SIG_DFL, sa_mask[0]=00000000000000000000000000000000, sa_flags=none
SIGUSR2: [libjvm.dylib+0x48b452], sa_mask[0]=00100000000000000000000000000000, sa_flags=SA_RESTART|SA_SIGINFO
SIGHUP: [libjvm.dylib+0x489a1d], sa_mask[0]=11111111011111110111111111111111, sa_flags=SA_RESTART|SA_SIGINFO
SIGINT: [libjvm.dylib+0x489a1d], sa_mask[0]=11111111011111110111111111111111, sa_flags=SA_RESTART|SA_SIGINFO
SIGTERM: [libjvm.dylib+0x489a1d], sa_mask[0]=11111111011111110111111111111111, sa_flags=SA_RESTART|SA_SIGINFO
SIGQUIT: [libjvm.dylib+0x489a1d], sa_mask[0]=11111111011111110111111111111111, sa_flags=SA_RESTART|SA_SIGINFO


---------------  S Y S T E M  ---------------

OS:Bsduname:Darwin 19.0.0 Darwin Kernel Version 19.0.0: Wed Sep 25 20:18:50 PDT 2019; root:xnu-6153.11.26~2/RELEASE_X86_64 x86_64
rlimit: STACK 8192k, CORE 0k, NPROC 2784, NOFILE 10240, AS infinity
load average:1.81 1.54 1.44

CPU:total 12 (initial active 12) (6 cores per cpu, 2 threads per core) family 6 model 158 stepping 10, cmov, cx8, fxsr, mmx, sse, sse2, sse3, ssse3, sse4.1, sse4.2, popcnt, avx, avx2, aes, clmul, erms, rtm, 3dnowpref, lzcnt, ht, tsc, tscinvbit, bmi1, bmi2, adx

Memory: 4k page, physical 16777216k(25916k free)

/proc/meminfo:


vm_info: Java HotSpot(TM) 64-Bit Server VM (25.181-b13) for bsd-amd64 JRE (1.8.0_181-b13), built on Jul  7 2018 01:02:31 by "java_re" with gcc 4.2.1 (Based on Apple Inc. build 5658) (LLVM build 2336.11.00)

time: Mon Mar  9 16:38:08 2020
elapsed time: 10 seconds (0d 0h 0m 10s)

